#
# There is insufficient memory for the Java Runtime Environment to continue.
# Native memory allocation (malloc) failed to allocate 92976 bytes for Chunk::new
# Possible reasons:
#   The system is out of physical RAM or swap space
#   In 32 bit mode, the process size limit was hit
# Possible solutions:
#   Reduce memory load on the system
#   Increase physical memory or swap space
#   Check if swap backing store is full
#   Use 64 bit Java on a 64 bit OS
#   Decrease Java heap size (-Xmx/-Xms)
#   Decrease number of Java threads
#   Decrease Java thread stack sizes (-Xss)
#   Set larger code cache with -XX:ReservedCodeCacheSize=
# This output file may be truncated or incomplete.
#
#  Out of Memory Error (allocation.cpp:390), pid=1012, tid=16736
#
# JRE version: Java(TM) SE Runtime Environment (8.0_66-b18) (build 1.8.0_66-b18)
# Java VM: Java HotSpot(TM) 64-Bit Server VM (25.66-b18 mixed mode windows-amd64 compressed oops)
# Failed to write core dump. Minidumps are not enabled by default on client versions of Windows
#

---------------  T H R E A D  ---------------

Current thread (0x0000000014fa3800):  JavaThread "C2 CompilerThread1" daemon [_thread_in_native, id=16736, stack(0x00000000166f0000,0x00000000167f0000)]

Stack: [0x00000000166f0000,0x00000000167f0000]
[error occurred during error reporting (printing stack bounds), id 0xc0000005]

Native frames: (J=compiled Java code, j=interpreted, Vv=VM code, C=native code)


Current CompileTask:
C2:   1111 1009       4       com.android.dx.ssa.back.LivenessAnalyzer::liveOutAtStatement (61 bytes)


---------------  P R O C E S S  ---------------

Java Threads: ( => current thread )
  0x0000000016a6a800 JavaThread "pool-2-thread-4" [_thread_in_vm, id=17380, stack(0x00000000172f0000,0x00000000173f0000)]
  0x0000000016a61800 JavaThread "pool-2-thread-3" [_thread_blocked, id=2388, stack(0x00000000171f0000,0x00000000172f0000)]
  0x0000000016a60800 JavaThread "pool-2-thread-2" [_thread_in_Java, id=13200, stack(0x00000000170f0000,0x00000000171f0000)]
  0x0000000016a5e000 JavaThread "pool-3-thread-1" [_thread_blocked, id=12864, stack(0x0000000016ff0000,0x00000000170f0000)]
  0x0000000016a26800 JavaThread "pool-2-thread-1" [_thread_in_vm, id=11628, stack(0x0000000016ef0000,0x0000000016ff0000)]
  0x0000000014ffb800 JavaThread "Service Thread" daemon [_thread_blocked, id=12628, stack(0x0000000016cf0000,0x0000000016df0000)]
  0x0000000014ff7800 JavaThread "C1 CompilerThread2" daemon [_thread_in_native, id=17104, stack(0x00000000167f0000,0x00000000168f0000)]
=>0x0000000014fa3800 JavaThread "C2 CompilerThread1" daemon [_thread_in_native, id=16736, stack(0x00000000166f0000,0x00000000167f0000)]
  0x0000000014f9e000 JavaThread "C2 CompilerThread0" daemon [_thread_blocked, id=13544, stack(0x00000000165f0000,0x00000000166f0000)]
  0x0000000014f9c800 JavaThread "Attach Listener" daemon [_thread_blocked, id=17296, stack(0x00000000164f0000,0x00000000165f0000)]
  0x0000000014f9b000 JavaThread "Signal Dispatcher" daemon [_thread_blocked, id=6876, stack(0x00000000163f0000,0x00000000164f0000)]
  0x0000000001486800 JavaThread "Finalizer" daemon [_thread_blocked, id=7088, stack(0x0000000016200000,0x0000000016300000)]
  0x000000000147e000 JavaThread "Reference Handler" daemon [_thread_blocked, id=14412, stack(0x0000000016100000,0x0000000016200000)]
  0x0000000001390800 JavaThread "main" [_thread_in_Java, id=15312, stack(0x0000000001290000,0x0000000001390000)]

Other Threads:
  0x0000000014f67800 VMThread [stack: 0x0000000016000000,0x0000000016100000] [id=17236]
  0x0000000016913000 WatcherThread [stack: 0x0000000016df0000,0x0000000016ef0000] [id=8504]

VM state:not at safepoint (normal execution)

VM Mutex/Monitor currently owned by a thread:  ([mutex/lock_event])
[0x000000000128da00] Compile_lock - owner thread: 0x0000000014ff7800
[0x000000000128df80] MethodCompileQueue_lock - owner thread: 0x0000000014ff7800

Heap:
 PSYoungGen      total 37888K, used 24257K [0x00000000eab00000, 0x00000000ed500000, 0x0000000100000000)
  eden space 32768K, 74% used [0x00000000eab00000,0x00000000ec2b0550,0x00000000ecb00000)
  from space 5120K, 0% used [0x00000000ed000000,0x00000000ed000000,0x00000000ed500000)
  to   space 5120K, 0% used [0x00000000ecb00000,0x00000000ecb00000,0x00000000ed000000)
 ParOldGen       total 86016K, used 0K [0x00000000c0000000, 0x00000000c5400000, 0x00000000eab00000)
  object space 86016K, 0% used [0x00000000c0000000,0x00000000c0000000,0x00000000c5400000)
 Metaspace       used 5837K, capacity 6832K, committed 7040K, reserved 1056768K
  class space    used 599K, capacity 616K, committed 640K, reserved 1048576K

Card table byte_map: [0x0000000001850000,0x0000000001a60000] byte_map_base: 0x0000000001250000

Marking Bits: (ParMarkBitMap*) 0x000000006f8aa5b0
 Begin Bits: [0x0000000012400000, 0x0000000013400000)
 End Bits:   [0x0000000013400000, 0x0000000014400000)

Polling page: 0x0000000000e10000

CodeCache: size=245760Kb used=3923Kb max_used=3923Kb free=241836Kb
 bounds [0x0000000003400000, 0x00000000037e0000, 0x0000000012400000]
 total_blobs=1278 nmethods=1010 adapters=182
 compilation: enabled

Compilation events (10 events):
Event: 1.107 Thread 0x0000000014ff7800 nmethod 1015 0x00000000037cde90 code [0x00000000037ce0e0, 0x00000000037cf168]
Event: 1.107 Thread 0x0000000014ff7800 1011       3       com.android.dx.cf.code.ByteCatchList::toTargetList (114 bytes)
Event: 1.108 Thread 0x0000000014ff7800 nmethod 1011 0x00000000037cfbd0 code [0x00000000037cfe00, 0x00000000037d0ba8]
Event: 1.108 Thread 0x0000000014ff7800 1010       3       com.android.dx.cf.code.BasicBlocker::visitConstant (39 bytes)
Event: 1.108 Thread 0x0000000014ff7800 nmethod 1010 0x00000000037d1050 code [0x00000000037d1200, 0x00000000037d18b8]
Event: 1.108 Thread 0x0000000014ff7800 1005       3       com.android.dx.cf.code.RopperMachine::hasRet (13 bytes)
Event: 1.109 Thread 0x0000000014ff7800 nmethod 1005 0x00000000037b7350 code [0x00000000037b74a0, 0x00000000037b7650]
Event: 1.109 Thread 0x0000000014ff7800 1031       3       com.android.dx.cf.code.LocalVariableList$Item::getType (11 bytes)
Event: 1.109 Thread 0x0000000014ff7800 nmethod 1031 0x00000000037d1b10 code [0x00000000037d1c80, 0x00000000037d1ea8]
Event: 1.109 Thread 0x0000000014ff7800 1012       3       com.android.dx.cf.code.BasicBlocker::visitThrowing (59 bytes)

GC Heap History (0 events):
No events

Deoptimization events (10 events):
Event: 0.868 Thread 0x0000000001390800 Uncommon trap: reason=class_check action=maybe_recompile pc=0x000000000360c730 method=com.android.dx.ssa.NormalSsaInsn.accept(Lcom/android/dx/ssa/SsaInsn$Visitor;)V @ 9
Event: 0.919 Thread 0x0000000016a6a800 Uncommon trap: reason=unstable_if action=reinterpret pc=0x00000000035ffd30 method=java.util.BitSet.nextSetBit(I)I @ 87
Event: 0.973 Thread 0x0000000016a6a800 Uncommon trap: reason=unstable_if action=reinterpret pc=0x00000000036122ec method=java.util.HashMap.getNode(ILjava/lang/Object;)Ljava/util/HashMap$Node; @ 129
Event: 0.977 Thread 0x0000000016a6a800 Uncommon trap: reason=class_check action=maybe_recompile pc=0x00000000036453e4 method=com.android.dx.rop.type.Type.equals(Ljava/lang/Object;)Z @ 8
Event: 0.978 Thread 0x0000000016a6a800 Uncommon trap: reason=unstable_if action=reinterpret pc=0x00000000036f5794 method=com.android.dx.rop.code.LocalItem.hashCode()I @ 25
Event: 1.007 Thread 0x0000000016a6a800 Uncommon trap: reason=unstable_if action=reinterpret pc=0x00000000036e4688 method=com.android.dx.rop.code.LocalItem.hashCode()I @ 25
Event: 1.019 Thread 0x0000000016a61800 Uncommon trap: reason=class_check action=maybe_recompile pc=0x00000000036453e4 method=com.android.dx.rop.type.Type.equals(Ljava/lang/Object;)Z @ 8
Event: 1.019 Thread 0x0000000016a61800 Uncommon trap: reason=class_check action=maybe_recompile pc=0x00000000036453e4 method=com.android.dx.rop.type.Type.equals(Ljava/lang/Object;)Z @ 8
Event: 1.019 Thread 0x0000000016a61800 Uncommon trap: reason=null_check action=make_not_entrant pc=0x00000000036f82e0 method=com.android.dx.rop.type.Type.equals(Ljava/lang/Object;)Z @ 8
Event: 1.041 Thread 0x0000000016a61800 Uncommon trap: reason=unstable_if action=reinterpret pc=0x000000000373a45c method=com.android.dx.rop.cst.Constant.compareTo(Lcom/android/dx/rop/cst/Constant;)I @ 12

Internal exceptions (3 events):
Event: 0.044 Thread 0x0000000001390800 Exception <a 'java/lang/NoSuchMethodError': Method sun.misc.Unsafe.defineClass(Ljava/lang/String;[BII)Ljava/lang/Class; name or signature does not match> (0x00000000eab12db0) thrown at [C:\re\workspace\8-2-build-windows-amd64-cygwin\jdk8u66\5298\hotspot\srN<šêY¦?
Event: 0.044 Thread 0x0000000001390800 Exception <a 'java/lang/NoSuchMethodError': Method sun.misc.Unsafe.prefetchRead(Ljava/lang/Object;J)V name or signature does not match> (0x00000000eab13098) thrown at [C:\re\workspace\8-2-build-windows-amd64-cygwin\jdk8u66\5298\hotspot\src\share\vm\prims\jsoBOð?
Event: 1.019 Thread 0x0000000016a61800 Implicit null exception at 0x00000000036f81e2 to 0x00000000036f82d2

Events (10 events):
Event: 1.019 Thread 0x0000000016a61800 DEOPT UNPACKING pc=0x000000000344582a sp=0x00000000172ee5c8 mode 2
Event: 1.041 Thread 0x0000000016a61800 Uncommon trap: trap_request=0xffffff65 fr.pc=0x000000000373a45c
Event: 1.041 Thread 0x0000000016a61800 DEOPT PACKING pc=0x000000000373a45c sp=0x00000000172ee4b0
Event: 1.041 Thread 0x0000000016a61800 DEOPT UNPACKING pc=0x000000000344582a sp=0x00000000172ee450 mode 2
Event: 1.054 loading class java/util/TreeMap$EntrySet
Event: 1.054 loading class java/util/TreeMap$EntrySet done
Event: 1.054 loading class java/util/TreeMap$EntryIterator
Event: 1.055 loading class java/util/TreeMap$EntryIterator done
Event: 1.055 Executing VM operation: Deoptimize
Event: 1.056 Executing VM operation: Deoptimize done


Dynamic libraries:
0x00007ff61c6e0000 - 0x00007ff61c717000 	C:\Program Files\Java\jdk1.8.0_66\bin\java.exe
0x00007ff9ccee0000 - 0x00007ff9cd0a1000 	C:\WINDOWS\SYSTEM32\ntdll.dll
0x00007ff9cc680000 - 0x00007ff9cc72d000 	C:\WINDOWS\system32\KERNEL32.DLL
0x00007ff9c97e0000 - 0x00007ff9c99c8000 	C:\WINDOWS\system32\KERNELBASE.dll
0x00007ff9cc3f0000 - 0x00007ff9cc497000 	C:\WINDOWS\system32\ADVAPI32.dll
0x00007ff9cc4a0000 - 0x00007ff9cc53d000 	C:\WINDOWS\system32\msvcrt.dll
0x00007ff9ca2e0000 - 0x00007ff9ca33b000 	C:\WINDOWS\system32\sechost.dll
0x00007ff9cc730000 - 0x00007ff9cc84c000 	C:\WINDOWS\system32\RPCRT4.dll
0x00007ff9ca980000 - 0x00007ff9caad6000 	C:\WINDOWS\system32\USER32.dll
0x00007ff9ca340000 - 0x00007ff9ca4c6000 	C:\WINDOWS\system32\GDI32.dll
0x00007ff9c5eb0000 - 0x00007ff9c6124000 	C:\WINDOWS\WinSxS\amd64_microsoft.windows.common-controls_6595b64144ccf1df_6.0.10586.0_none_8c15ae12515e1c22\COMCTL32.dll
0x00007ff9caae0000 - 0x00007ff9cad5d000 	C:\WINDOWS\system32\combase.dll
0x00007ff9c99d0000 - 0x00007ff9c9a3a000 	C:\WINDOWS\system32\bcryptPrimitives.dll
0x00007ff9cc3b0000 - 0x00007ff9cc3eb000 	C:\WINDOWS\system32\IMM32.DLL
0x000000006f930000 - 0x000000006fa02000 	C:\Program Files\Java\jdk1.8.0_66\jre\bin\msvcr100.dll
0x000000006f0a0000 - 0x000000006f929000 	C:\Program Files\Java\jdk1.8.0_66\jre\bin\server\jvm.dll
0x00007ff9cc5a0000 - 0x00007ff9cc5a8000 	C:\WINDOWS\system32\PSAPI.DLL
0x00007ff9c5e90000 - 0x00007ff9c5e9a000 	C:\WINDOWS\SYSTEM32\VERSION.dll
0x00007ff9c7830000 - 0x00007ff9c7853000 	C:\WINDOWS\SYSTEM32\WINMM.dll
0x00007ff9c78e0000 - 0x00007ff9c78e9000 	C:\WINDOWS\SYSTEM32\WSOCK32.dll
0x00007ff9cc2c0000 - 0x00007ff9cc32b000 	C:\WINDOWS\system32\WS2_32.dll
0x0000000000e30000 - 0x0000000000e5c000 	C:\WINDOWS\SYSTEM32\WINMMBASE.dll
0x00007ff9c9790000 - 0x00007ff9c97d3000 	C:\WINDOWS\system32\cfgmgr32.dll
0x000000006f090000 - 0x000000006f09f000 	C:\Program Files\Java\jdk1.8.0_66\jre\bin\verify.dll
0x000000006f060000 - 0x000000006f089000 	C:\Program Files\Java\jdk1.8.0_66\jre\bin\java.dll
0x000000006f040000 - 0x000000006f056000 	C:\Program Files\Java\jdk1.8.0_66\jre\bin\zip.dll
0x00007ff9cad60000 - 0x00007ff9cc2bc000 	C:\WINDOWS\system32\SHELL32.dll
0x00007ff9c9c90000 - 0x00007ff9ca2d4000 	C:\WINDOWS\system32\windows.storage.dll
0x00007ff9cc340000 - 0x00007ff9cc392000 	C:\WINDOWS\system32\shlwapi.dll
0x00007ff9c9580000 - 0x00007ff9c958f000 	C:\WINDOWS\system32\kernel.appcore.dll
0x00007ff9c96d0000 - 0x00007ff9c9785000 	C:\WINDOWS\system32\shcore.dll
0x00007ff9c9530000 - 0x00007ff9c957b000 	C:\WINDOWS\system32\powrprof.dll
0x00007ff9c9510000 - 0x00007ff9c9524000 	C:\WINDOWS\system32\profapi.dll

VM Arguments:
jvm_args: -Djava.awt.headless=true -Xmx1024M -Dfile.encoding=windows-1251 -Duser.country=RU -Duser.language=ru -Duser.variant 
java_command: com.android.dx.command.Main --dex --force-jumbo --num-threads=4 --multi-dex --output C:\DevIntensiveClone\app\build\intermediates\transforms\dex\debug\folders\1000\10\com.github.siyamed-android-shape-imageview-0.9.3_daea3fee594371d6efb1eab7bad4facb241523d3 C:\DevIntensiveClone\app\build\intermediates\exploded-aar\com.github.siyamed\android-shape-imageview\0.9.3\jars\classes.jar
java_class_path (initial): C:\Android\sdk\build-tools\23.0.3\lib\dx.jar
Launcher Type: SUN_STANDARD

Environment Variables:
PATH=C:\ProgramData\Oracle\Java\javapath;C:\Program Files (x86)\NVIDIA Corporation\PhysX\Common;C:\WINDOWS\system32;C:\WINDOWS;C:\WINDOWS\System32\Wbem;C:\WINDOWS\System32\WindowsPowerShell\v1.0\;C:\Program Files (x86)\Windows Live\Shared;C:\Program Files\Git\cmd
USERNAME=golit
OS=Windows_NT
PROCESSOR_IDENTIFIER=Intel64 Family 6 Model 37 Stepping 5, GenuineIntel



---------------  S Y S T E M  ---------------

OS: Windows 10.0 , 64 bit Build 10586 (10.0.10586.0)

CPU:total 4 (2 cores per cpu, 2 threads per core) family 6 model 37 stepping 5, cmov, cx8, fxsr, mmx, sse, sse2, sse3, ssse3, sse4.1, sse4.2, popcnt, ht, tsc, tscinvbit

Memory: 4k page, physical 8248392k(1215332k free), swap 10196040k(4196k free)

vm_info: Java HotSpot(TM) 64-Bit Server VM (25.66-b18) for windows-amd64 JRE (1.8.0_66-b18), built on Nov  9 2015 10:51:13 by "java_re" with MS VC++ 10.0 (VS2010)

time: Sat Jul 02 17:30:29 2016
elapsed time: 1 seconds (0d 0h 0m 1s)

