#
# There is insufficient memory for the Java Runtime Environment to continue.
# Native memory allocation (malloc) failed to allocate 264944 bytes for Chunk::new
# Possible reasons:
#   The system is out of physical RAM or swap space
#   In 32 bit mode, the process size limit was hit
# Possible solutions:
#   Reduce memory load on the system
#   Increase physical memory or swap space
#   Check if swap backing store is full
#   Use 64 bit Java on a 64 bit OS
#   Decrease Java heap size (-Xmx/-Xms)
#   Decrease number of Java threads
#   Decrease Java thread stack sizes (-Xss)
#   Set larger code cache with -XX:ReservedCodeCacheSize=
# This output file may be truncated or incomplete.
#
#  Out of Memory Error (allocation.cpp:390), pid=212, tid=16140
#
# JRE version: Java(TM) SE Runtime Environment (8.0_66-b18) (build 1.8.0_66-b18)
# Java VM: Java HotSpot(TM) 64-Bit Server VM (25.66-b18 mixed mode windows-amd64 compressed oops)
# Failed to write core dump. Minidumps are not enabled by default on client versions of Windows
#

---------------  T H R E A D  ---------------

Current thread (0x0000000014da3000):  JavaThread "C2 CompilerThread1" daemon [_thread_in_native, id=16140, stack(0x00000000164f0000,0x00000000165f0000)]

Stack: [0x00000000164f0000,0x00000000165f0000]
[error occurred during error reporting (printing stack bounds), id 0xc0000005]

Native frames: (J=compiled Java code, j=interpreted, Vv=VM code, C=native code)


Current CompileTask:
C2:   2868 1475       4       com.android.dx.ssa.SsaRenamer$BlockRenamer::processResultReg (56 bytes)


---------------  P R O C E S S  ---------------

Java Threads: ( => current thread )
  0x000000001699a800 JavaThread "pool-1-thread-1" [_thread_in_Java, id=8792, stack(0x0000000018b20000,0x0000000018c20000)]
  0x0000000016720800 JavaThread "Service Thread" daemon [_thread_blocked, id=13012, stack(0x0000000016af0000,0x0000000016bf0000)]
  0x0000000014db2000 JavaThread "C1 CompilerThread2" daemon [_thread_blocked, id=16732, stack(0x00000000165f0000,0x00000000166f0000)]
=>0x0000000014da3000 JavaThread "C2 CompilerThread1" daemon [_thread_in_native, id=16140, stack(0x00000000164f0000,0x00000000165f0000)]
  0x0000000014d9d800 JavaThread "C2 CompilerThread0" daemon [_thread_in_native, id=14972, stack(0x00000000163f0000,0x00000000164f0000)]
  0x0000000014d9b800 JavaThread "Attach Listener" daemon [_thread_blocked, id=18036, stack(0x00000000162f0000,0x00000000163f0000)]
  0x0000000014d9a800 JavaThread "Signal Dispatcher" daemon [_thread_blocked, id=16432, stack(0x00000000161f0000,0x00000000162f0000)]
  0x00000000011b0800 JavaThread "Finalizer" daemon [_thread_blocked, id=18136, stack(0x0000000016000000,0x0000000016100000)]
  0x00000000011ad000 JavaThread "Reference Handler" daemon [_thread_blocked, id=13972, stack(0x0000000015f00000,0x0000000016000000)]
  0x00000000010c0800 JavaThread "main" [_thread_blocked, id=16448, stack(0x0000000000f90000,0x0000000001090000)]

Other Threads:
  0x0000000014d68000 VMThread [stack: 0x0000000015e00000,0x0000000015f00000] [id=14708]
  0x0000000014dfe800 WatcherThread [stack: 0x0000000016bf0000,0x0000000016cf0000] [id=7612]

VM state:not at safepoint (normal execution)

VM Mutex/Monitor currently owned by a thread: None

Heap:
 PSYoungGen      total 136192K, used 27372K [0x00000000eab00000, 0x00000000f3500000, 0x0000000100000000)
  eden space 131072K, 16% used [0x00000000eab00000,0x00000000ec0bda88,0x00000000f2b00000)
  from space 5120K, 99% used [0x00000000f3000000,0x00000000f34fd858,0x00000000f3500000)
  to   space 5120K, 0% used [0x00000000f2b00000,0x00000000f2b00000,0x00000000f3000000)
 ParOldGen       total 86016K, used 23856K [0x00000000c0000000, 0x00000000c5400000, 0x00000000eab00000)
  object space 86016K, 27% used [0x00000000c0000000,0x00000000c174c0b0,0x00000000c5400000)
 Metaspace       used 6480K, capacity 7256K, committed 7424K, reserved 1056768K
  class space    used 628K, capacity 656K, committed 768K, reserved 1048576K

Card table byte_map: [0x0000000001590000,0x00000000017a0000] byte_map_base: 0x0000000000f90000

Marking Bits: (ParMarkBitMap*) 0x000000006f8aa5b0
 Begin Bits: [0x0000000012400000, 0x0000000013400000)
 End Bits:   [0x0000000013400000, 0x0000000014400000)

Polling page: 0x00000000010a0000

CodeCache: size=245760Kb used=6970Kb max_used=6970Kb free=238789Kb
 bounds [0x0000000003400000, 0x0000000003ae0000, 0x0000000012400000]
 total_blobs=2049 nmethods=1781 adapters=182
 compilation: enabled

Compilation events (10 events):
Event: 2.860 Thread 0x0000000014db2000 1826       2       com.android.dx.dex.file.IdItem::addContents (15 bytes)
Event: 2.860 Thread 0x0000000014db2000 nmethod 1826 0x0000000003ab5e10 code [0x0000000003ab5f80, 0x0000000003ab6108]
Event: 2.860 Thread 0x0000000014db2000 1827  s    2       com.android.dx.dex.file.ProtoIdsSection::intern (55 bytes)
Event: 2.861 Thread 0x0000000014db2000 nmethod 1827 0x0000000003ab5390 code [0x0000000003ab5540, 0x0000000003ab5aa8]
Event: 2.862 Thread 0x0000000014db2000 1828       2       com.android.dx.dex.file.TypeListItem::<init> (21 bytes)
Event: 2.862 Thread 0x0000000014db2000 nmethod 1828 0x0000000003ab4f90 code [0x0000000003ab5100, 0x0000000003ab52d8]
Event: 2.863 Thread 0x0000000014db2000 1829       2       java.lang.StringBuilder::<init> (6 bytes)
Event: 2.863 Thread 0x0000000014db2000 nmethod 1829 0x0000000003ab4b90 code [0x0000000003ab4ce0, 0x0000000003ab4ed0]
Event: 2.863 Thread 0x0000000014db2000 1830       2       com.android.dx.dex.file.ProtoIdItem::makeShortForm (74 bytes)
Event: 2.865 Thread 0x0000000014db2000 nmethod 1830 0x0000000003ad4390 code [0x0000000003ad4580, 0x0000000003ad4c88]

GC Heap History (8 events):
Event: 1.000 GC heap before
{Heap before GC invocations=1 (full 0):
 PSYoungGen      total 37888K, used 32768K [0x00000000eab00000, 0x00000000ed500000, 0x0000000100000000)
  eden space 32768K, 100% used [0x00000000eab00000,0x00000000ecb00000,0x00000000ecb00000)
  from space 5120K, 0% used [0x00000000ed000000,0x00000000ed000000,0x00000000ed500000)
  to   space 5120K, 0% used [0x00000000ecb00000,0x00000000ecb00000,0x00000000ed000000)
 ParOldGen       total 86016K, used 0K [0x00000000c0000000, 0x00000000c5400000, 0x00000000eab00000)
  object space 86016K, 0% used [0x00000000c0000000,0x00000000c0000000,0x00000000c5400000)
 Metaspace       used 5969K, capacity 6896K, committed 7040K, reserved 1056768K
  class space    used 598K, capacity 616K, committed 640K, reserved 1048576K
Event: 1.011 GC heap after
Heap after GC invocations=1 (full 0):
 PSYoungGen      total 37888K, used 5095K [0x00000000eab00000, 0x00000000ef500000, 0x0000000100000000)
  eden space 32768K, 0% used [0x00000000eab00000,0x00000000eab00000,0x00000000ecb00000)
  from space 5120K, 99% used [0x00000000ecb00000,0x00000000ecff9eb8,0x00000000ed000000)
  to   space 5120K, 0% used [0x00000000ef000000,0x00000000ef000000,0x00000000ef500000)
 ParOldGen       total 86016K, used 1348K [0x00000000c0000000, 0x00000000c5400000, 0x00000000eab00000)
  object space 86016K, 1% used [0x00000000c0000000,0x00000000c0151350,0x00000000c5400000)
 Metaspace       used 5969K, capacity 6896K, committed 7040K, reserved 1056768K
  class space    used 598K, capacity 616K, committed 640K, reserved 1048576K
}
Event: 1.374 GC heap before
{Heap before GC invocations=2 (full 0):
 PSYoungGen      total 37888K, used 37863K [0x00000000eab00000, 0x00000000ef500000, 0x0000000100000000)
  eden space 32768K, 100% used [0x00000000eab00000,0x00000000ecb00000,0x00000000ecb00000)
  from space 5120K, 99% used [0x00000000ecb00000,0x00000000ecff9eb8,0x00000000ed000000)
  to   space 5120K, 0% used [0x00000000ef000000,0x00000000ef000000,0x00000000ef500000)
 ParOldGen       total 86016K, used 1348K [0x00000000c0000000, 0x00000000c5400000, 0x00000000eab00000)
  object space 86016K, 1% used [0x00000000c0000000,0x00000000c0151350,0x00000000c5400000)
 Metaspace       used 6168K, capacity 7088K, committed 7296K, reserved 1056768K
  class space    used 599K, capacity 616K, committed 640K, reserved 1048576K
Event: 1.389 GC heap after
Heap after GC invocations=2 (full 0):
 PSYoungGen      total 70656K, used 5111K [0x00000000eab00000, 0x00000000ef500000, 0x0000000100000000)
  eden space 65536K, 0% used [0x00000000eab00000,0x00000000eab00000,0x00000000eeb00000)
  from space 5120K, 99% used [0x00000000ef000000,0x00000000ef4fdf70,0x00000000ef500000)
  to   space 5120K, 0% used [0x00000000eeb00000,0x00000000eeb00000,0x00000000ef000000)
 ParOldGen       total 86016K, used 5656K [0x00000000c0000000, 0x00000000c5400000, 0x00000000eab00000)
  object space 86016K, 6% used [0x00000000c0000000,0x00000000c0586120,0x00000000c5400000)
 Metaspace       used 6168K, capacity 7088K, committed 7296K, reserved 1056768K
  class space    used 599K, capacity 616K, committed 640K, reserved 1048576K
}
Event: 1.935 GC heap before
{Heap before GC invocations=3 (full 0):
 PSYoungGen      total 70656K, used 70647K [0x00000000eab00000, 0x00000000ef500000, 0x0000000100000000)
  eden space 65536K, 100% used [0x00000000eab00000,0x00000000eeb00000,0x00000000eeb00000)
  from space 5120K, 99% used [0x00000000ef000000,0x00000000ef4fdf70,0x00000000ef500000)
  to   space 5120K, 0% used [0x00000000eeb00000,0x00000000eeb00000,0x00000000ef000000)
 ParOldGen       total 86016K, used 5656K [0x00000000c0000000, 0x00000000c5400000, 0x00000000eab00000)
  object space 86016K, 6% used [0x00000000c0000000,0x00000000c0586120,0x00000000c5400000)
 Metaspace       used 6343K, capacity 7192K, committed 7424K, reserved 1056768K
  class space    used 622K, capacity 656K, committed 768K, reserved 1048576K
Event: 1.977 GC heap after
Heap after GC invocations=3 (full 0):
 PSYoungGen      total 70656K, used 5114K [0x00000000eab00000, 0x00000000f3500000, 0x0000000100000000)
  eden space 65536K, 0% used [0x00000000eab00000,0x00000000eab00000,0x00000000eeb00000)
  from space 5120K, 99% used [0x00000000eeb00000,0x00000000eeffeaf8,0x00000000ef000000)
  to   space 5120K, 0% used [0x00000000f3000000,0x00000000f3000000,0x00000000f3500000)
 ParOldGen       total 86016K, used 14899K [0x00000000c0000000, 0x00000000c5400000, 0x00000000eab00000)
  object space 86016K, 17% used [0x00000000c0000000,0x00000000c0e8cc60,0x00000000c5400000)
 Metaspace       used 6343K, capacity 7192K, committed 7424K, reserved 1056768K
  class space    used 622K, capacity 656K, committed 768K, reserved 1048576K
}
Event: 2.515 GC heap before
{Heap before GC invocations=4 (full 0):
 PSYoungGen      total 70656K, used 70650K [0x00000000eab00000, 0x00000000f3500000, 0x0000000100000000)
  eden space 65536K, 100% used [0x00000000eab00000,0x00000000eeb00000,0x00000000eeb00000)
  from space 5120K, 99% used [0x00000000eeb00000,0x00000000eeffeaf8,0x00000000ef000000)
  to   space 5120K, 0% used [0x00000000f3000000,0x00000000f3000000,0x00000000f3500000)
 ParOldGen       total 86016K, used 14899K [0x00000000c0000000, 0x00000000c5400000, 0x00000000eab00000)
  object space 86016K, 17% used [0x00000000c0000000,0x00000000c0e8cc60,0x00000000c5400000)
 Metaspace       used 6364K, capacity 7192K, committed 7424K, reserved 1056768K
  class space    used 622K, capacity 656K, committed 768K, reserved 1048576K
Event: 2.548 GC heap after
Heap after GC invocations=4 (full 0):
 PSYoungGen      total 136192K, used 5110K [0x00000000eab00000, 0x00000000f3500000, 0x0000000100000000)
  eden space 131072K, 0% used [0x00000000eab00000,0x00000000eab00000,0x00000000f2b00000)
  from space 5120K, 99% used [0x00000000f3000000,0x00000000f34fd858,0x00000000f3500000)
  to   space 5120K, 0% used [0x00000000f2b00000,0x00000000f2b00000,0x00000000f3000000)
 ParOldGen       total 86016K, used 23856K [0x00000000c0000000, 0x00000000c5400000, 0x00000000eab00000)
  object space 86016K, 27% used [0x00000000c0000000,0x00000000c174c0b0,0x00000000c5400000)
 Metaspace       used 6364K, capacity 7192K, committed 7424K, reserved 1056768K
  class space    used 622K, capacity 656K, committed 768K, reserved 1048576K
}

Deoptimization events (10 events):
Event: 1.480 Thread 0x00000000010c0800 Uncommon trap: reason=unstable_if action=reinterpret pc=0x0000000003872b6c method=java.util.HashMap.putVal(ILjava/lang/Object;Ljava/lang/Object;ZZ)Ljava/lang/Object; @ 162
Event: 1.485 Thread 0x000000001696e000 Uncommon trap: reason=unstable_if action=reinterpret pc=0x000000000386dffc method=com.android.dx.util.IntList.binarysearch(I)I @ 105
Event: 1.545 Thread 0x00000000169a3000 Uncommon trap: reason=unstable_if action=reinterpret pc=0x0000000003938a5c method=com.android.dx.ssa.SCCP.simulateStmt(Lcom/android/dx/ssa/SsaInsn;)V @ 53
Event: 2.434 Thread 0x000000001699a800 Uncommon trap: reason=unstable_if action=reinterpret pc=0x0000000003a62b48 method=com.android.dx.ssa.LocalVariableExtractor.processBlock(I)V @ 251
Event: 2.606 Thread 0x000000001696e000 Uncommon trap: reason=unstable_if action=reinterpret pc=0x0000000003a74ac0 method=com.android.dx.rop.code.RegisterSpec.intersect(Lcom/android/dx/rop/code/RegisterSpec;Z)Lcom/android/dx/rop/code/RegisterSpec; @ 42
Event: 2.685 Thread 0x000000001699a800 Uncommon trap: reason=class_check action=maybe_recompile pc=0x0000000003a1ae08 method=java.util.Arrays.hashCode([Ljava/lang/Object;)I @ 43
Event: 2.685 Thread 0x000000001699a800 Uncommon trap: reason=class_check action=maybe_recompile pc=0x0000000003a1ae08 method=java.util.Arrays.hashCode([Ljava/lang/Object;)I @ 43
Event: 2.685 Thread 0x000000001699a800 Uncommon trap: reason=class_check action=maybe_recompile pc=0x0000000003a1ae08 method=java.util.Arrays.hashCode([Ljava/lang/Object;)I @ 43
Event: 2.685 Thread 0x000000001699a800 Uncommon trap: reason=class_check action=maybe_recompile pc=0x0000000003a1ae08 method=java.util.Arrays.hashCode([Ljava/lang/Object;)I @ 43
Event: 2.685 Thread 0x000000001699a800 Uncommon trap: reason=class_check action=maybe_recompile pc=0x000000000386fce8 method=java.util.Arrays.hashCode([Ljava/lang/Object;)I @ 43

Internal exceptions (7 events):
Event: 0.166 Thread 0x00000000010c0800 Exception <a 'java/lang/NoSuchMethodError': Method sun.misc.Unsafe.defineClass(Ljava/lang/String;[BII)Ljava/lang/Class; name or signature does not match> (0x00000000eab13050) thrown at [C:\re\workspace\8-2-build-windows-amd64-cygwin\jdk8u66\5298\hotspot\sr÷¸(ÇMDÅ?
Event: 0.166 Thread 0x00000000010c0800 Exception <a 'java/lang/NoSuchMethodError': Method sun.misc.Unsafe.prefetchRead(Ljava/lang/Object;J)V name or signature does not match> (0x00000000eab13338) thrown at [C:\re\workspace\8-2-build-windows-amd64-cygwin\jdk8u66\5298\hotspot\src\share\vm\prims\jôkßˆÜñî?
Event: 0.967 Thread 0x00000000169a3000 Implicit null exception at 0x000000000386f7e2 to 0x000000000386f8d2
Event: 1.290 Thread 0x000000001696e000 Implicit null exception at 0x000000000385e384 to 0x000000000385f169
Event: 1.477 Thread 0x00000000010c0800 Exception <a 'java/lang/ArrayIndexOutOfBoundsException': 18> (0x00000000eb89bc10) thrown at [C:\re\workspace\8-2-build-windows-amd64-cygwin\jdk8u66\5298\hotspot\src\share\vm\interpreter\interpreterRuntime.cpp, line 366]
Event: 1.478 Thread 0x00000000010c0800 Exception <a 'java/lang/ArrayIndexOutOfBoundsException': 145> (0x00000000eb89d790) thrown at [C:\re\workspace\8-2-build-windows-amd64-cygwin\jdk8u66\5298\hotspot\src\share\vm\interpreter\interpreterRuntime.cpp, line 366]
Event: 1.479 Thread 0x00000000010c0800 Exception <a 'java/lang/ArrayIndexOutOfBoundsException'> (0x00000000eb89ea78) thrown at [C:\re\workspace\8-2-build-windows-amd64-cygwin\jdk8u66\5298\hotspot\src\share\vm\runtime\sharedRuntime.cpp, line 605]

Events (10 events):
Event: 2.727 loading class com/android/dx/dex/file/CatchStructs
Event: 2.727 loading class com/android/dx/dex/file/CatchStructs done
Event: 2.732 Thread 0x000000001699a800 DEOPT PACKING pc=0x00000000039e5719 sp=0x0000000018c1e6d0
Event: 2.732 Thread 0x000000001699a800 DEOPT UNPACKING pc=0x000000000344747f sp=0x0000000018c1e418 mode 0
Event: 2.757 Thread 0x000000001699a800 DEOPT PACKING pc=0x0000000003a9c2b5 sp=0x0000000018c1e880
Event: 2.757 Thread 0x000000001699a800 DEOPT UNPACKING pc=0x000000000344747f sp=0x0000000018c1e5c8 mode 0
Event: 2.763 Thread 0x000000001699a800 DEOPT PACKING pc=0x0000000003aa0d54 sp=0x0000000018c1e900
Event: 2.763 Thread 0x000000001699a800 DEOPT UNPACKING pc=0x000000000344747f sp=0x0000000018c1e690 mode 0
Event: 2.845 loading class com/android/dx/dex/file/ProtoIdItem
Event: 2.845 loading class com/android/dx/dex/file/ProtoIdItem done


Dynamic libraries:
0x00007ff61c6e0000 - 0x00007ff61c717000 	C:\Program Files\Java\jdk1.8.0_66\bin\java.exe
0x00007ff9ccee0000 - 0x00007ff9cd0a1000 	C:\WINDOWS\SYSTEM32\ntdll.dll
0x00007ff9cc680000 - 0x00007ff9cc72d000 	C:\WINDOWS\system32\KERNEL32.DLL
0x00007ff9c97e0000 - 0x00007ff9c99c8000 	C:\WINDOWS\system32\KERNELBASE.dll
0x00007ff9cc3f0000 - 0x00007ff9cc497000 	C:\WINDOWS\system32\ADVAPI32.dll
0x00007ff9cc4a0000 - 0x00007ff9cc53d000 	C:\WINDOWS\system32\msvcrt.dll
0x00007ff9ca2e0000 - 0x00007ff9ca33b000 	C:\WINDOWS\system32\sechost.dll
0x00007ff9cc730000 - 0x00007ff9cc84c000 	C:\WINDOWS\system32\RPCRT4.dll
0x00007ff9ca980000 - 0x00007ff9caad6000 	C:\WINDOWS\system32\USER32.dll
0x00007ff9ca340000 - 0x00007ff9ca4c6000 	C:\WINDOWS\system32\GDI32.dll
0x00007ff9c5eb0000 - 0x00007ff9c6124000 	C:\WINDOWS\WinSxS\amd64_microsoft.windows.common-controls_6595b64144ccf1df_6.0.10586.0_none_8c15ae12515e1c22\COMCTL32.dll
0x00007ff9caae0000 - 0x00007ff9cad5d000 	C:\WINDOWS\system32\combase.dll
0x00007ff9c99d0000 - 0x00007ff9c9a3a000 	C:\WINDOWS\system32\bcryptPrimitives.dll
0x00007ff9cc3b0000 - 0x00007ff9cc3eb000 	C:\WINDOWS\system32\IMM32.DLL
0x000000006f930000 - 0x000000006fa02000 	C:\Program Files\Java\jdk1.8.0_66\jre\bin\msvcr100.dll
0x000000006f0a0000 - 0x000000006f929000 	C:\Program Files\Java\jdk1.8.0_66\jre\bin\server\jvm.dll
0x00007ff9cc5a0000 - 0x00007ff9cc5a8000 	C:\WINDOWS\system32\PSAPI.DLL
0x00007ff9c78e0000 - 0x00007ff9c78e9000 	C:\WINDOWS\SYSTEM32\WSOCK32.dll
0x00007ff9cc2c0000 - 0x00007ff9cc32b000 	C:\WINDOWS\system32\WS2_32.dll
0x00007ff9c7830000 - 0x00007ff9c7853000 	C:\WINDOWS\SYSTEM32\WINMM.dll
0x00007ff9c5e90000 - 0x00007ff9c5e9a000 	C:\WINDOWS\SYSTEM32\VERSION.dll
0x00007ff9c75e0000 - 0x00007ff9c760c000 	C:\WINDOWS\SYSTEM32\WINMMBASE.dll
0x00007ff9c9790000 - 0x00007ff9c97d3000 	C:\WINDOWS\system32\cfgmgr32.dll
0x000000006f090000 - 0x000000006f09f000 	C:\Program Files\Java\jdk1.8.0_66\jre\bin\verify.dll
0x000000006f060000 - 0x000000006f089000 	C:\Program Files\Java\jdk1.8.0_66\jre\bin\java.dll
0x000000006f040000 - 0x000000006f056000 	C:\Program Files\Java\jdk1.8.0_66\jre\bin\zip.dll
0x00007ff9cad60000 - 0x00007ff9cc2bc000 	C:\WINDOWS\system32\SHELL32.dll
0x00007ff9c9c90000 - 0x00007ff9ca2d4000 	C:\WINDOWS\system32\windows.storage.dll
0x00007ff9cc340000 - 0x00007ff9cc392000 	C:\WINDOWS\system32\shlwapi.dll
0x00007ff9c9580000 - 0x00007ff9c958f000 	C:\WINDOWS\system32\kernel.appcore.dll
0x00007ff9c96d0000 - 0x00007ff9c9785000 	C:\WINDOWS\system32\shcore.dll
0x00007ff9c9530000 - 0x00007ff9c957b000 	C:\WINDOWS\system32\powrprof.dll
0x00007ff9c9510000 - 0x00007ff9c9524000 	C:\WINDOWS\system32\profapi.dll

VM Arguments:
jvm_args: -Djava.awt.headless=true -Xmx1024M -Dfile.encoding=windows-1251 -Duser.country=RU -Duser.language=ru -Duser.variant 
java_command: com.android.dx.command.Main --dex --force-jumbo --num-threads=4 --multi-dex --output C:\DevIntensiveClone\app\build\intermediates\transforms\dex\debug\folders\1000\10\com.android.support-recyclerview-v7-23.4.0_074a41177390ae97894cf209797874decbf2c609 C:\DevIntensiveClone\app\build\intermediates\exploded-aar\com.android.support\recyclerview-v7\23.4.0\jars\classes.jar
java_class_path (initial): C:\Android\sdk\build-tools\23.0.3\lib\dx.jar
Launcher Type: SUN_STANDARD

Environment Variables:
PATH=C:\ProgramData\Oracle\Java\javapath;C:\Program Files (x86)\NVIDIA Corporation\PhysX\Common;C:\WINDOWS\system32;C:\WINDOWS;C:\WINDOWS\System32\Wbem;C:\WINDOWS\System32\WindowsPowerShell\v1.0\;C:\Program Files (x86)\Windows Live\Shared;C:\Program Files\Git\cmd
USERNAME=golit
OS=Windows_NT
PROCESSOR_IDENTIFIER=Intel64 Family 6 Model 37 Stepping 5, GenuineIntel



---------------  S Y S T E M  ---------------

OS: Windows 10.0 , 64 bit Build 10586 (10.0.10586.0)

CPU:total 4 (2 cores per cpu, 2 threads per core) family 6 model 37 stepping 5, cmov, cx8, fxsr, mmx, sse, sse2, sse3, ssse3, sse4.1, sse4.2, popcnt, ht, tsc, tscinvbit

Memory: 4k page, physical 8248392k(1152344k free), swap 10196040k(5372k free)

vm_info: Java HotSpot(TM) 64-Bit Server VM (25.66-b18) for windows-amd64 JRE (1.8.0_66-b18), built on Nov  9 2015 10:51:13 by "java_re" with MS VC++ 10.0 (VS2010)

time: Sat Jul 02 17:30:09 2016
elapsed time: 2 seconds (0d 0h 0m 2s)

