#
# There is insufficient memory for the Java Runtime Environment to continue.
# Native memory allocation (malloc) failed to allocate 422416 bytes for Chunk::new
# Possible reasons:
#   The system is out of physical RAM or swap space
#   In 32 bit mode, the process size limit was hit
# Possible solutions:
#   Reduce memory load on the system
#   Increase physical memory or swap space
#   Check if swap backing store is full
#   Use 64 bit Java on a 64 bit OS
#   Decrease Java heap size (-Xmx/-Xms)
#   Decrease number of Java threads
#   Decrease Java thread stack sizes (-Xss)
#   Set larger code cache with -XX:ReservedCodeCacheSize=
# This output file may be truncated or incomplete.
#
#  Out of Memory Error (allocation.cpp:390), pid=14220, tid=7920
#
# JRE version: Java(TM) SE Runtime Environment (8.0_66-b18) (build 1.8.0_66-b18)
# Java VM: Java HotSpot(TM) 64-Bit Server VM (25.66-b18 mixed mode windows-amd64 compressed oops)
# Failed to write core dump. Minidumps are not enabled by default on client versions of Windows
#

---------------  T H R E A D  ---------------

Current thread (0x0000000014d9d800):  JavaThread "C2 CompilerThread0" daemon [_thread_in_native, id=7920, stack(0x0000000016400000,0x0000000016500000)]

Stack: [0x0000000016400000,0x0000000016500000]
[error occurred during error reporting (printing stack bounds), id 0xc0000005]

Native frames: (J=compiled Java code, j=interpreted, Vv=VM code, C=native code)


Current CompileTask:
C2:   6554 1958       4       com.android.dx.ssa.LocalVariableExtractor::processBlock (383 bytes)


---------------  P R O C E S S  ---------------

Java Threads: ( => current thread )
  0x00000000169d3000 JavaThread "pool-2-thread-4" [_thread_in_vm, id=11044, stack(0x0000000017100000,0x0000000017200000)]
  0x0000000016ae7000 JavaThread "pool-3-thread-1" [_thread_blocked, id=15556, stack(0x0000000016e00000,0x0000000016f00000)]
  0x0000000016735000 JavaThread "Service Thread" daemon [_thread_blocked, id=10564, stack(0x0000000016b00000,0x0000000016c00000)]
  0x0000000014da6800 JavaThread "C1 CompilerThread2" daemon [_thread_blocked, id=5992, stack(0x0000000016600000,0x0000000016700000)]
  0x0000000014da2800 JavaThread "C2 CompilerThread1" daemon [_thread_in_native, id=12540, stack(0x0000000016500000,0x0000000016600000)]
=>0x0000000014d9d800 JavaThread "C2 CompilerThread0" daemon [_thread_in_native, id=7920, stack(0x0000000016400000,0x0000000016500000)]
  0x0000000014d9b800 JavaThread "Attach Listener" daemon [_thread_blocked, id=11476, stack(0x0000000016300000,0x0000000016400000)]
  0x0000000014d9a800 JavaThread "Signal Dispatcher" daemon [_thread_blocked, id=4352, stack(0x0000000016200000,0x0000000016300000)]
  0x00000000011b6000 JavaThread "Finalizer" daemon [_thread_blocked, id=16516, stack(0x0000000016010000,0x0000000016110000)]
  0x00000000011ad000 JavaThread "Reference Handler" daemon [_thread_blocked, id=13324, stack(0x0000000015f10000,0x0000000016010000)]
  0x00000000010c0800 JavaThread "main" [_thread_blocked, id=9676, stack(0x0000000000fc0000,0x00000000010c0000)]

Other Threads:
  0x0000000014d68000 VMThread [stack: 0x0000000015e10000,0x0000000015f10000] [id=10264]
  0x0000000016743000 WatcherThread [stack: 0x0000000016c00000,0x0000000016d00000] [id=5756]

VM state:not at safepoint (normal execution)

VM Mutex/Monitor currently owned by a thread: None

Heap:
 PSYoungGen      total 136192K, used 6576K [0x00000000eab00000, 0x00000000f3500000, 0x0000000100000000)
  eden space 131072K, 1% used [0x00000000eab00000,0x00000000eac73958,0x00000000f2b00000)
  from space 5120K, 99% used [0x00000000f2b00000,0x00000000f2ff87e8,0x00000000f3000000)
  to   space 5120K, 0% used [0x00000000f3000000,0x00000000f3000000,0x00000000f3500000)
 ParOldGen       total 86016K, used 42322K [0x00000000c0000000, 0x00000000c5400000, 0x00000000eab00000)
  object space 86016K, 49% used [0x00000000c0000000,0x00000000c29548f0,0x00000000c5400000)
 Metaspace       used 6503K, capacity 7256K, committed 7424K, reserved 1056768K
  class space    used 624K, capacity 656K, committed 768K, reserved 1048576K

Card table byte_map: [0x0000000001580000,0x0000000001790000] byte_map_base: 0x0000000000f80000

Marking Bits: (ParMarkBitMap*) 0x000000006f8aa5b0
 Begin Bits: [0x0000000012400000, 0x0000000013400000)
 End Bits:   [0x0000000013400000, 0x0000000014400000)

Polling page: 0x00000000003f0000

CodeCache: size=245760Kb used=8453Kb max_used=8489Kb free=237306Kb
 bounds [0x0000000003400000, 0x0000000003c60000, 0x0000000012400000]
 total_blobs=2174 nmethods=1905 adapters=182
 compilation: enabled

Compilation events (10 events):
Event: 6.384 Thread 0x0000000014da6800 1976       2       com.android.dx.ssa.back.FirstFitLocalCombiningAllocator::ssaSetToSpecs (57 bytes)
Event: 6.385 Thread 0x0000000014da6800 nmethod 1976 0x0000000003c293d0 code [0x0000000003c295e0, 0x0000000003c29dd8]
Event: 6.421 Thread 0x0000000014da6800 1978       1       com.android.dx.ssa.LiteralOpUpgrader$1::visitPhiInsn (1 bytes)
Event: 6.421 Thread 0x0000000014da6800 nmethod 1978 0x0000000003c379d0 code [0x0000000003c37b20, 0x0000000003c37c30]
Event: 6.424 Thread 0x0000000014d9d800 nmethod 1877 0x0000000003c37c90 code [0x0000000003c386a0, 0x0000000003c448b8]
Event: 6.424 Thread 0x0000000014d9d800 1944       4       com.android.dx.rop.cst.StdConstantPool::set (123 bytes)
Event: 6.428 Thread 0x0000000014d9d800 nmethod 1944 0x0000000003c34350 code [0x0000000003c344c0, 0x0000000003c34798]
Event: 6.428 Thread 0x0000000014d9d800 1970       4       com.android.dx.rop.code.RegisterSpec::withSimpleType (59 bytes)
Event: 6.539 Thread 0x0000000014d9d800 nmethod 1970 0x0000000003c2e150 code [0x0000000003c2e3c0, 0x0000000003c2f760]
Event: 6.539 Thread 0x0000000014d9d800 1958       4       com.android.dx.ssa.LocalVariableExtractor::processBlock (383 bytes)

GC Heap History (10 events):
Event: 1.525 GC heap before
{Heap before GC invocations=1 (full 0):
 PSYoungGen      total 37888K, used 32768K [0x00000000eab00000, 0x00000000ed500000, 0x0000000100000000)
  eden space 32768K, 100% used [0x00000000eab00000,0x00000000ecb00000,0x00000000ecb00000)
  from space 5120K, 0% used [0x00000000ed000000,0x00000000ed000000,0x00000000ed500000)
  to   space 5120K, 0% used [0x00000000ecb00000,0x00000000ecb00000,0x00000000ed000000)
 ParOldGen       total 86016K, used 0K [0x00000000c0000000, 0x00000000c5400000, 0x00000000eab00000)
  object space 86016K, 0% used [0x00000000c0000000,0x00000000c0000000,0x00000000c5400000)
 Metaspace       used 6069K, capacity 6960K, committed 7040K, reserved 1056768K
  class space    used 601K, capacity 616K, committed 640K, reserved 1048576K
Event: 1.633 GC heap after
Heap after GC invocations=1 (full 0):
 PSYoungGen      total 37888K, used 5113K [0x00000000eab00000, 0x00000000ef500000, 0x0000000100000000)
  eden space 32768K, 0% used [0x00000000eab00000,0x00000000eab00000,0x00000000ecb00000)
  from space 5120K, 99% used [0x00000000ecb00000,0x00000000ecffe4e0,0x00000000ed000000)
  to   space 5120K, 0% used [0x00000000ef000000,0x00000000ef000000,0x00000000ef500000)
 ParOldGen       total 86016K, used 852K [0x00000000c0000000, 0x00000000c5400000, 0x00000000eab00000)
  object space 86016K, 0% used [0x00000000c0000000,0x00000000c00d5158,0x00000000c5400000)
 Metaspace       used 6069K, capacity 6960K, committed 7040K, reserved 1056768K
  class space    used 601K, capacity 616K, committed 640K, reserved 1048576K
}
Event: 2.614 GC heap before
{Heap before GC invocations=2 (full 0):
 PSYoungGen      total 37888K, used 37881K [0x00000000eab00000, 0x00000000ef500000, 0x0000000100000000)
  eden space 32768K, 100% used [0x00000000eab00000,0x00000000ecb00000,0x00000000ecb00000)
  from space 5120K, 99% used [0x00000000ecb00000,0x00000000ecffe4e0,0x00000000ed000000)
  to   space 5120K, 0% used [0x00000000ef000000,0x00000000ef000000,0x00000000ef500000)
 ParOldGen       total 86016K, used 852K [0x00000000c0000000, 0x00000000c5400000, 0x00000000eab00000)
  object space 86016K, 0% used [0x00000000c0000000,0x00000000c00d5158,0x00000000c5400000)
 Metaspace       used 6223K, capacity 7088K, committed 7296K, reserved 1056768K
  class space    used 602K, capacity 616K, committed 640K, reserved 1048576K
Event: 2.638 GC heap after
Heap after GC invocations=2 (full 0):
 PSYoungGen      total 70656K, used 5097K [0x00000000eab00000, 0x00000000ef500000, 0x0000000100000000)
  eden space 65536K, 0% used [0x00000000eab00000,0x00000000eab00000,0x00000000eeb00000)
  from space 5120K, 99% used [0x00000000ef000000,0x00000000ef4fa480,0x00000000ef500000)
  to   space 5120K, 0% used [0x00000000eeb00000,0x00000000eeb00000,0x00000000ef000000)
 ParOldGen       total 86016K, used 4885K [0x00000000c0000000, 0x00000000c5400000, 0x00000000eab00000)
  object space 86016K, 5% used [0x00000000c0000000,0x00000000c04c54c0,0x00000000c5400000)
 Metaspace       used 6223K, capacity 7088K, committed 7296K, reserved 1056768K
  class space    used 602K, capacity 616K, committed 640K, reserved 1048576K
}
Event: 3.202 GC heap before
{Heap before GC invocations=3 (full 0):
 PSYoungGen      total 70656K, used 70633K [0x00000000eab00000, 0x00000000ef500000, 0x0000000100000000)
  eden space 65536K, 100% used [0x00000000eab00000,0x00000000eeb00000,0x00000000eeb00000)
  from space 5120K, 99% used [0x00000000ef000000,0x00000000ef4fa480,0x00000000ef500000)
  to   space 5120K, 0% used [0x00000000eeb00000,0x00000000eeb00000,0x00000000ef000000)
 ParOldGen       total 86016K, used 4885K [0x00000000c0000000, 0x00000000c5400000, 0x00000000eab00000)
  object space 86016K, 5% used [0x00000000c0000000,0x00000000c04c54c0,0x00000000c5400000)
 Metaspace       used 6295K, capacity 7152K, committed 7296K, reserved 1056768K
  class space    used 602K, capacity 616K, committed 640K, reserved 1048576K
Event: 3.228 GC heap after
Heap after GC invocations=3 (full 0):
 PSYoungGen      total 70656K, used 5106K [0x00000000eab00000, 0x00000000f3500000, 0x0000000100000000)
  eden space 65536K, 0% used [0x00000000eab00000,0x00000000eab00000,0x00000000eeb00000)
  from space 5120K, 99% used [0x00000000eeb00000,0x00000000eeffcbe8,0x00000000ef000000)
  to   space 5120K, 0% used [0x00000000f3000000,0x00000000f3000000,0x00000000f3500000)
 ParOldGen       total 86016K, used 15160K [0x00000000c0000000, 0x00000000c5400000, 0x00000000eab00000)
  object space 86016K, 17% used [0x00000000c0000000,0x00000000c0ece140,0x00000000c5400000)
 Metaspace       used 6295K, capacity 7152K, committed 7296K, reserved 1056768K
  class space    used 602K, capacity 616K, committed 640K, reserved 1048576K
}
Event: 5.267 GC heap before
{Heap before GC invocations=4 (full 0):
 PSYoungGen      total 70656K, used 70642K [0x00000000eab00000, 0x00000000f3500000, 0x0000000100000000)
  eden space 65536K, 100% used [0x00000000eab00000,0x00000000eeb00000,0x00000000eeb00000)
  from space 5120K, 99% used [0x00000000eeb00000,0x00000000eeffcbe8,0x00000000ef000000)
  to   space 5120K, 0% used [0x00000000f3000000,0x00000000f3000000,0x00000000f3500000)
 ParOldGen       total 86016K, used 15160K [0x00000000c0000000, 0x00000000c5400000, 0x00000000eab00000)
  object space 86016K, 17% used [0x00000000c0000000,0x00000000c0ece140,0x00000000c5400000)
 Metaspace       used 6416K, capacity 7192K, committed 7424K, reserved 1056768K
  class space    used 623K, capacity 656K, committed 768K, reserved 1048576K
Event: 5.307 GC heap after
Heap after GC invocations=4 (full 0):
 PSYoungGen      total 136192K, used 5115K [0x00000000eab00000, 0x00000000f3500000, 0x0000000100000000)
  eden space 131072K, 0% used [0x00000000eab00000,0x00000000eab00000,0x00000000f2b00000)
  from space 5120K, 99% used [0x00000000f3000000,0x00000000f34fecb0,0x00000000f3500000)
  to   space 5120K, 0% used [0x00000000f2b00000,0x00000000f2b00000,0x00000000f3000000)
 ParOldGen       total 86016K, used 24022K [0x00000000c0000000, 0x00000000c5400000, 0x00000000eab00000)
  object space 86016K, 27% used [0x00000000c0000000,0x00000000c1775948,0x00000000c5400000)
 Metaspace       used 6416K, capacity 7192K, committed 7424K, reserved 1056768K
  class space    used 623K, capacity 656K, committed 768K, reserved 1048576K
}
Event: 6.459 GC heap before
{Heap before GC invocations=5 (full 0):
 PSYoungGen      total 136192K, used 136187K [0x00000000eab00000, 0x00000000f3500000, 0x0000000100000000)
  eden space 131072K, 100% used [0x00000000eab00000,0x00000000f2b00000,0x00000000f2b00000)
  from space 5120K, 99% used [0x00000000f3000000,0x00000000f34fecb0,0x00000000f3500000)
  to   space 5120K, 0% used [0x00000000f2b00000,0x00000000f2b00000,0x00000000f3000000)
 ParOldGen       total 86016K, used 24022K [0x00000000c0000000, 0x00000000c5400000, 0x00000000eab00000)
  object space 86016K, 27% used [0x00000000c0000000,0x00000000c1775948,0x00000000c5400000)
 Metaspace       used 6503K, capacity 7256K, committed 7424K, reserved 1056768K
  class space    used 624K, capacity 656K, committed 768K, reserved 1048576K
Event: 6.537 GC heap after
Heap after GC invocations=5 (full 0):
 PSYoungGen      total 136192K, used 5089K [0x00000000eab00000, 0x00000000f3500000, 0x0000000100000000)
  eden space 131072K, 0% used [0x00000000eab00000,0x00000000eab00000,0x00000000f2b00000)
  from space 5120K, 99% used [0x00000000f2b00000,0x00000000f2ff87e8,0x00000000f3000000)
  to   space 5120K, 0% used [0x00000000f3000000,0x00000000f3000000,0x00000000f3500000)
 ParOldGen       total 86016K, used 42322K [0x00000000c0000000, 0x00000000c5400000, 0x00000000eab00000)
  object space 86016K, 49% used [0x00000000c0000000,0x00000000c29548f0,0x00000000c5400000)
 Metaspace       used 6503K, capacity 7256K, committed 7424K, reserved 1056768K
  class space    used 624K, capacity 656K, committed 768K, reserved 1048576K
}

Deoptimization events (10 events):
Event: 4.660 Thread 0x0000000016ae6000 Uncommon trap: reason=bimorphic action=maybe_recompile pc=0x0000000003959c20 method=com.android.dx.ssa.LiteralOpUpgrader.tryReplacingWithConstant(Lcom/android/dx/ssa/NormalSsaInsn;)Z @ 62
Event: 5.173 Thread 0x00000000169d3000 Uncommon trap: reason=unstable_if action=reinterpret pc=0x0000000003acb560 method=com.android.dx.ssa.SsaBasicBlock.newFromRop(Lcom/android/dx/rop/code/RopMethod;ILcom/android/dx/ssa/SsaMethod;)Lcom/android/dx/ssa/SsaBasicBlock; @ 164
Event: 5.237 Thread 0x000000001694b800 Uncommon trap: reason=bimorphic action=maybe_recompile pc=0x0000000003959c20 method=com.android.dx.ssa.LiteralOpUpgrader.tryReplacingWithConstant(Lcom/android/dx/ssa/NormalSsaInsn;)Z @ 62
Event: 5.361 Thread 0x00000000169d3000 Uncommon trap: reason=unstable_if action=reinterpret pc=0x000000000394a50c method=com.android.dx.ssa.MoveParamCombiner$1.visitNonMoveInsn(Lcom/android/dx/ssa/NormalSsaInsn;)V @ 27
Event: 5.469 Thread 0x00000000010c0800 Uncommon trap: reason=unstable_if action=reinterpret pc=0x0000000003b40874 method=com.android.dx.rop.code.DexTranslationAdvice.hasConstantOperation(Lcom/android/dx/rop/code/Rop;Lcom/android/dx/rop/code/RegisterSpec;Lcom/android/dx/rop/code/RegisterSpec;)Z ¡Ÿ9Å@
Event: 5.626 Thread 0x0000000016ae6000 Uncommon trap: reason=bimorphic action=maybe_recompile pc=0x0000000003b1ccfc method=com.android.dx.rop.code.RegisterSpec.withSimpleType()Lcom/android/dx/rop/code/RegisterSpec; @ 21
Event: 5.670 Thread 0x0000000016ae6000 Uncommon trap: reason=unstable_if action=reinterpret pc=0x0000000003a8b470 method=java.util.HashMap.resize()[Ljava/util/HashMap$Node; @ 206
Event: 5.973 Thread 0x0000000016ae6000 Uncommon trap: reason=bimorphic action=maybe_recompile pc=0x0000000003b1ccfc method=com.android.dx.rop.code.RegisterSpec.withSimpleType()Lcom/android/dx/rop/code/RegisterSpec; @ 21
Event: 6.088 Thread 0x00000000169d3000 Uncommon trap: reason=unstable_if action=reinterpret pc=0x0000000003ad9330 method=com.android.dx.ssa.SCCP.simulateBranch(Lcom/android/dx/ssa/SsaInsn;)V @ 548
Event: 6.293 Thread 0x000000001694c800 Uncommon trap: reason=unstable_if action=reinterpret pc=0x0000000003b3c72c method=com.android.dx.rop.cst.CstNat.equals(Ljava/lang/Object;)Z @ 25

Internal exceptions (5 events):
Event: 0.038 Thread 0x00000000010c0800 Exception <a 'java/lang/NoSuchMethodError': Method sun.misc.Unsafe.defineClass(Ljava/lang/String;[BII)Ljava/lang/Class; name or signature does not match> (0x00000000eab12d20) thrown at [C:\re\workspace\8-2-build-windows-amd64-cygwin\jdk8u66\5298\hotspot\srºrjWW£?
Event: 0.038 Thread 0x00000000010c0800 Exception <a 'java/lang/NoSuchMethodError': Method sun.misc.Unsafe.prefetchRead(Ljava/lang/Object;J)V name or signature does not match> (0x00000000eab13008) thrown at [C:\re\workspace\8-2-build-windows-amd64-cygwin\jdk8u66\5298\hotspot\src\share\vm\prims\jOÃû˚¯@
Event: 4.493 Thread 0x000000001694c800 Exception <a 'java/lang/ArrayIndexOutOfBoundsException': 18> (0x00000000ed19cfe8) thrown at [C:\re\workspace\8-2-build-windows-amd64-cygwin\jdk8u66\5298\hotspot\src\share\vm\interpreter\interpreterRuntime.cpp, line 366]
Event: 4.494 Thread 0x000000001694c800 Exception <a 'java/lang/ArrayIndexOutOfBoundsException'> (0x00000000ed19eb68) thrown at [C:\re\workspace\8-2-build-windows-amd64-cygwin\jdk8u66\5298\hotspot\src\share\vm\runtime\sharedRuntime.cpp, line 605]
Event: 4.495 Thread 0x000000001694c800 Exception <a 'java/lang/ArrayIndexOutOfBoundsException'> (0x00000000ed19fe50) thrown at [C:\re\workspace\8-2-build-windows-amd64-cygwin\jdk8u66\5298\hotspot\src\share\vm\runtime\sharedRuntime.cpp, line 605]

Events (10 events):
Event: 6.293 Thread 0x000000001694c800 DEOPT UNPACKING pc=0x000000000344582a sp=0x00000000170fe100 mode 2
Event: 6.342 loading class java/util/HashMap$KeySet
Event: 6.347 loading class java/util/HashMap$KeySet done
Event: 6.347 loading class java/util/HashMap$KeyIterator
Event: 6.347 loading class java/util/HashMap$KeyIterator done
Event: 6.356 Thread 0x0000000016ae6000 Thread exited: 0x0000000016ae6000
Event: 6.365 Thread 0x000000001694c800 Thread exited: 0x000000001694c800
Event: 6.381 Thread 0x000000001694b800 Thread exited: 0x000000001694b800
Event: 6.459 Executing VM operation: ParallelGCFailedAllocation
Event: 6.537 Executing VM operation: ParallelGCFailedAllocation done


Dynamic libraries:
0x00007ff61c6e0000 - 0x00007ff61c717000 	C:\Program Files\Java\jdk1.8.0_66\bin\java.exe
0x00007ff9ccee0000 - 0x00007ff9cd0a1000 	C:\WINDOWS\SYSTEM32\ntdll.dll
0x00007ff9cc680000 - 0x00007ff9cc72d000 	C:\WINDOWS\system32\KERNEL32.DLL
0x00007ff9c97e0000 - 0x00007ff9c99c8000 	C:\WINDOWS\system32\KERNELBASE.dll
0x00007ff9cc3f0000 - 0x00007ff9cc497000 	C:\WINDOWS\system32\ADVAPI32.dll
0x00007ff9cc4a0000 - 0x00007ff9cc53d000 	C:\WINDOWS\system32\msvcrt.dll
0x00007ff9ca2e0000 - 0x00007ff9ca33b000 	C:\WINDOWS\system32\sechost.dll
0x00007ff9cc730000 - 0x00007ff9cc84c000 	C:\WINDOWS\system32\RPCRT4.dll
0x00007ff9ca980000 - 0x00007ff9caad6000 	C:\WINDOWS\system32\USER32.dll
0x00007ff9ca340000 - 0x00007ff9ca4c6000 	C:\WINDOWS\system32\GDI32.dll
0x00007ff9c5eb0000 - 0x00007ff9c6124000 	C:\WINDOWS\WinSxS\amd64_microsoft.windows.common-controls_6595b64144ccf1df_6.0.10586.0_none_8c15ae12515e1c22\COMCTL32.dll
0x00007ff9caae0000 - 0x00007ff9cad5d000 	C:\WINDOWS\system32\combase.dll
0x00007ff9c99d0000 - 0x00007ff9c9a3a000 	C:\WINDOWS\system32\bcryptPrimitives.dll
0x00007ff9cc3b0000 - 0x00007ff9cc3eb000 	C:\WINDOWS\system32\IMM32.DLL
0x000000006f930000 - 0x000000006fa02000 	C:\Program Files\Java\jdk1.8.0_66\jre\bin\msvcr100.dll
0x000000006f0a0000 - 0x000000006f929000 	C:\Program Files\Java\jdk1.8.0_66\jre\bin\server\jvm.dll
0x00007ff9cc5a0000 - 0x00007ff9cc5a8000 	C:\WINDOWS\system32\PSAPI.DLL
0x00007ff9c78e0000 - 0x00007ff9c78e9000 	C:\WINDOWS\SYSTEM32\WSOCK32.dll
0x00007ff9cc2c0000 - 0x00007ff9cc32b000 	C:\WINDOWS\system32\WS2_32.dll
0x00007ff9c7830000 - 0x00007ff9c7853000 	C:\WINDOWS\SYSTEM32\WINMM.dll
0x00007ff9c5e90000 - 0x00007ff9c5e9a000 	C:\WINDOWS\SYSTEM32\VERSION.dll
0x0000000000740000 - 0x000000000076c000 	C:\WINDOWS\SYSTEM32\WINMMBASE.dll
0x00007ff9c9790000 - 0x00007ff9c97d3000 	C:\WINDOWS\system32\cfgmgr32.dll
0x000000006f090000 - 0x000000006f09f000 	C:\Program Files\Java\jdk1.8.0_66\jre\bin\verify.dll
0x000000006f060000 - 0x000000006f089000 	C:\Program Files\Java\jdk1.8.0_66\jre\bin\java.dll
0x000000006f040000 - 0x000000006f056000 	C:\Program Files\Java\jdk1.8.0_66\jre\bin\zip.dll
0x00007ff9cad60000 - 0x00007ff9cc2bc000 	C:\WINDOWS\system32\SHELL32.dll
0x00007ff9c9c90000 - 0x00007ff9ca2d4000 	C:\WINDOWS\system32\windows.storage.dll
0x00007ff9cc340000 - 0x00007ff9cc392000 	C:\WINDOWS\system32\shlwapi.dll
0x00007ff9c9580000 - 0x00007ff9c958f000 	C:\WINDOWS\system32\kernel.appcore.dll
0x00007ff9c96d0000 - 0x00007ff9c9785000 	C:\WINDOWS\system32\shcore.dll
0x00007ff9c9530000 - 0x00007ff9c957b000 	C:\WINDOWS\system32\powrprof.dll
0x00007ff9c9510000 - 0x00007ff9c9524000 	C:\WINDOWS\system32\profapi.dll

VM Arguments:
jvm_args: -Djava.awt.headless=true -Xmx1024M -Dfile.encoding=windows-1251 -Duser.country=RU -Duser.language=ru -Duser.variant 
java_command: com.android.dx.command.Main --dex --force-jumbo --num-threads=4 --multi-dex --output C:\DevIntensiveClone\app\build\intermediates\transforms\dex\debug\folders\1000\10\com.android.support-appcompat-v7-23.4.0_4448c5c091835377ccc4be825f36be3aa795bc57 C:\DevIntensiveClone\app\build\intermediates\exploded-aar\com.android.support\appcompat-v7\23.4.0\jars\classes.jar
java_class_path (initial): C:\Android\sdk\build-tools\23.0.3\lib\dx.jar
Launcher Type: SUN_STANDARD

Environment Variables:
PATH=C:\ProgramData\Oracle\Java\javapath;C:\Program Files (x86)\NVIDIA Corporation\PhysX\Common;C:\WINDOWS\system32;C:\WINDOWS;C:\WINDOWS\System32\Wbem;C:\WINDOWS\System32\WindowsPowerShell\v1.0\;C:\Program Files (x86)\Windows Live\Shared;C:\Program Files\Git\cmd
USERNAME=golit
OS=Windows_NT
PROCESSOR_IDENTIFIER=Intel64 Family 6 Model 37 Stepping 5, GenuineIntel



---------------  S Y S T E M  ---------------

OS: Windows 10.0 , 64 bit Build 10586 (10.0.10586.0)

CPU:total 4 (2 cores per cpu, 2 threads per core) family 6 model 37 stepping 5, cmov, cx8, fxsr, mmx, sse, sse2, sse3, ssse3, sse4.1, sse4.2, popcnt, ht, tsc, tscinvbit

Memory: 4k page, physical 8248392k(1043624k free), swap 10196040k(5076k free)

vm_info: Java HotSpot(TM) 64-Bit Server VM (25.66-b18) for windows-amd64 JRE (1.8.0_66-b18), built on Nov  9 2015 10:51:13 by "java_re" with MS VC++ 10.0 (VS2010)

time: Sat Jul 02 17:30:27 2016
elapsed time: 6 seconds (0d 0h 0m 6s)

