#
# There is insufficient memory for the Java Runtime Environment to continue.
# Native memory allocation (malloc) failed to allocate 1002656 bytes for Chunk::new
# Possible reasons:
#   The system is out of physical RAM or swap space
#   In 32 bit mode, the process size limit was hit
# Possible solutions:
#   Reduce memory load on the system
#   Increase physical memory or swap space
#   Check if swap backing store is full
#   Use 64 bit Java on a 64 bit OS
#   Decrease Java heap size (-Xmx/-Xms)
#   Decrease number of Java threads
#   Decrease Java thread stack sizes (-Xss)
#   Set larger code cache with -XX:ReservedCodeCacheSize=
# This output file may be truncated or incomplete.
#
#  Out of Memory Error (allocation.cpp:390), pid=9304, tid=492
#
# JRE version: Java(TM) SE Runtime Environment (8.0_66-b18) (build 1.8.0_66-b18)
# Java VM: Java HotSpot(TM) 64-Bit Server VM (25.66-b18 mixed mode windows-amd64 compressed oops)
# Failed to write core dump. Minidumps are not enabled by default on client versions of Windows
#

---------------  T H R E A D  ---------------

Current thread (0x0000000015719800):  JavaThread "C2 CompilerThread0" daemon [_thread_in_native, id=492, stack(0x0000000016d70000,0x0000000016e70000)]

Stack: [0x0000000016d70000,0x0000000016e70000]
[error occurred during error reporting (printing stack bounds), id 0xc0000005]

Native frames: (J=compiled Java code, j=interpreted, Vv=VM code, C=native code)


Current CompileTask:
C2:   3803 1884       4       com.android.dx.rop.code.LocalVariableExtractor::processBlock (327 bytes)


---------------  P R O C E S S  ---------------

Java Threads: ( => current thread )
  0x000000001722e800 JavaThread "pool-2-thread-4" [_thread_blocked, id=10204, stack(0x0000000018270000,0x0000000018370000)]
  0x000000001722e000 JavaThread "pool-2-thread-3" [_thread_blocked, id=10184, stack(0x0000000018170000,0x0000000018270000)]
  0x000000001729b800 JavaThread "pool-2-thread-2" [_thread_blocked, id=10172, stack(0x0000000018070000,0x0000000018170000)]
  0x0000000017298800 JavaThread "pool-3-thread-1" [_thread_blocked, id=10168, stack(0x0000000017f70000,0x0000000018070000)]
  0x0000000017296000 JavaThread "pool-2-thread-1" [_thread_blocked, id=10144, stack(0x0000000017e70000,0x0000000017f70000)]
  0x0000000016f82000 JavaThread "Service Thread" daemon [_thread_blocked, id=8356, stack(0x0000000017470000,0x0000000017570000)]
  0x0000000016f80800 JavaThread "C1 CompilerThread2" daemon [_thread_blocked, id=2112, stack(0x0000000017370000,0x0000000017470000)]
  0x000000001570d800 JavaThread "C2 CompilerThread1" daemon [_thread_in_native, id=10156, stack(0x0000000016e70000,0x0000000016f70000)]
=>0x0000000015719800 JavaThread "C2 CompilerThread0" daemon [_thread_in_native, id=492, stack(0x0000000016d70000,0x0000000016e70000)]
  0x0000000015717800 JavaThread "Attach Listener" daemon [_thread_blocked, id=10072, stack(0x0000000016c70000,0x0000000016d70000)]
  0x0000000015716800 JavaThread "Signal Dispatcher" daemon [_thread_blocked, id=10180, stack(0x0000000016b70000,0x0000000016c70000)]
  0x0000000001bc0000 JavaThread "Finalizer" daemon [_thread_blocked, id=10164, stack(0x0000000016980000,0x0000000016a80000)]
  0x0000000001bbd000 JavaThread "Reference Handler" daemon [_thread_blocked, id=9396, stack(0x0000000016880000,0x0000000016980000)]
  0x0000000001ad0800 JavaThread "main" [_thread_in_vm, id=6900, stack(0x00000000019d0000,0x0000000001ad0000)]

Other Threads:
  0x00000000156d8000 VMThread [stack: 0x0000000016780000,0x0000000016880000] [id=8552]
  0x0000000016f85800 WatcherThread [stack: 0x0000000017570000,0x0000000017670000] [id=9336]

VM state:not at safepoint (normal execution)

VM Mutex/Monitor currently owned by a thread: None

Heap:
 PSYoungGen      total 144896K, used 76053K [0x00000000eab00000, 0x00000000f4c00000, 0x0000000100000000)
  eden space 129536K, 47% used [0x00000000eab00000,0x00000000ee6f6fc8,0x00000000f2980000)
  from space 15360K, 95% used [0x00000000f3a00000,0x00000000f484e6f8,0x00000000f4900000)
  to   space 16896K, 0% used [0x00000000f2980000,0x00000000f2980000,0x00000000f3a00000)
 ParOldGen       total 86016K, used 23770K [0x00000000c0000000, 0x00000000c5400000, 0x00000000eab00000)
  object space 86016K, 27% used [0x00000000c0000000,0x00000000c1736830,0x00000000c5400000)
 Metaspace       used 6463K, capacity 7256K, committed 7424K, reserved 1056768K
  class space    used 623K, capacity 656K, committed 768K, reserved 1048576K

Card table byte_map: [0x0000000012400000,0x0000000012610000] byte_map_base: 0x0000000011e00000

Marking Bits: (ParMarkBitMap*) 0x00000000714aa5b0
 Begin Bits: [0x0000000012b70000, 0x0000000013b70000)
 End Bits:   [0x0000000013b70000, 0x0000000014b70000)

Polling page: 0x0000000001470000

CodeCache: size=245760Kb used=7697Kb max_used=7697Kb free=238062Kb
 bounds [0x0000000003400000, 0x0000000003b90000, 0x0000000012400000]
 total_blobs=2109 nmethods=1840 adapters=182
 compilation: enabled

Compilation events (10 events):
Event: 3.715 Thread 0x0000000016f80800 nmethod 1892 0x0000000003b5f290 code [0x0000000003b5f520, 0x0000000003b5ffb8]
Event: 3.729 Thread 0x0000000015719800 nmethod 1822 0x0000000003b7ef10 code [0x0000000003b7f360, 0x0000000003b83958]
Event: 3.730 Thread 0x0000000015719800 1884       4       com.android.dx.rop.code.LocalVariableExtractor::processBlock (327 bytes)
Event: 3.744 Thread 0x0000000016f80800 1895   !   2       com.android.dx.dex.file.UniformListItem::getAlignment (40 bytes)
Event: 3.744 Thread 0x0000000016f80800 nmethod 1895 0x0000000003b7e850 code [0x0000000003b7e9e0, 0x0000000003b7ed08]
Event: 3.761 Thread 0x000000001570d800 nmethod 1859 0x0000000003b5a350 code [0x0000000003b5a600, 0x0000000003b5cac8]
Event: 3.762 Thread 0x000000001570d800 1869       4       com.android.dx.cf.code.BaseMachine::storeResults (90 bytes)
Event: 3.789 Thread 0x0000000016f80800 1897       2       com.android.dx.dex.file.AnnotationUtils::makeSignature (251 bytes)
Event: 3.792 Thread 0x0000000016f80800 nmethod 1897 0x0000000003b7bdd0 code [0x0000000003b7c0e0, 0x0000000003b7d1a8]
Event: 3.801 Thread 0x0000000016f80800 1898       2       java.util.Arrays::sort (19 bytes)

GC Heap History (10 events):
Event: 1.685 GC heap before
{Heap before GC invocations=2 (full 0):
 PSYoungGen      total 37888K, used 37876K [0x00000000eab00000, 0x00000000ed500000, 0x0000000100000000)
  eden space 32768K, 100% used [0x00000000eab00000,0x00000000ecb00000,0x00000000ecb00000)
  from space 5120K, 99% used [0x00000000ecb00000,0x00000000ecffd188,0x00000000ed000000)
  to   space 5120K, 0% used [0x00000000ed000000,0x00000000ed000000,0x00000000ed500000)
 ParOldGen       total 86016K, used 1069K [0x00000000c0000000, 0x00000000c5400000, 0x00000000eab00000)
  object space 86016K, 1% used [0x00000000c0000000,0x00000000c010b558,0x00000000c5400000)
 Metaspace       used 6180K, capacity 7088K, committed 7296K, reserved 1056768K
  class space    used 602K, capacity 616K, committed 640K, reserved 1048576K
Event: 1.707 GC heap after
Heap after GC invocations=2 (full 0):
 PSYoungGen      total 37888K, used 5105K [0x00000000eab00000, 0x00000000ef500000, 0x0000000100000000)
  eden space 32768K, 0% used [0x00000000eab00000,0x00000000eab00000,0x00000000ecb00000)
  from space 5120K, 99% used [0x00000000ed000000,0x00000000ed4fc730,0x00000000ed500000)
  to   space 5120K, 0% used [0x00000000ecb00000,0x00000000ecb00000,0x00000000ed000000)
 ParOldGen       total 86016K, used 4975K [0x00000000c0000000, 0x00000000c5400000, 0x00000000eab00000)
  object space 86016K, 5% used [0x00000000c0000000,0x00000000c04dbe68,0x00000000c5400000)
 Metaspace       used 6180K, capacity 7088K, committed 7296K, reserved 1056768K
  class space    used 602K, capacity 616K, committed 640K, reserved 1048576K
}
Event: 1.998 GC heap before
{Heap before GC invocations=3 (full 0):
 PSYoungGen      total 37888K, used 37873K [0x00000000eab00000, 0x00000000ef500000, 0x0000000100000000)
  eden space 32768K, 100% used [0x00000000eab00000,0x00000000ecb00000,0x00000000ecb00000)
  from space 5120K, 99% used [0x00000000ed000000,0x00000000ed4fc730,0x00000000ed500000)
  to   space 5120K, 0% used [0x00000000ecb00000,0x00000000ecb00000,0x00000000ed000000)
 ParOldGen       total 86016K, used 4975K [0x00000000c0000000, 0x00000000c5400000, 0x00000000eab00000)
  object space 86016K, 5% used [0x00000000c0000000,0x00000000c04dbe68,0x00000000c5400000)
 Metaspace       used 6229K, capacity 7088K, committed 7296K, reserved 1056768K
  class space    used 602K, capacity 616K, committed 640K, reserved 1048576K
Event: 2.033 GC heap after
Heap after GC invocations=3 (full 0):
 PSYoungGen      total 37888K, used 5094K [0x00000000eab00000, 0x00000000ef500000, 0x0000000100000000)
  eden space 32768K, 0% used [0x00000000eab00000,0x00000000eab00000,0x00000000ecb00000)
  from space 5120K, 99% used [0x00000000ecb00000,0x00000000ecff9a48,0x00000000ed000000)
  to   space 5120K, 0% used [0x00000000ef000000,0x00000000ef000000,0x00000000ef500000)
 ParOldGen       total 86016K, used 9748K [0x00000000c0000000, 0x00000000c5400000, 0x00000000eab00000)
  object space 86016K, 11% used [0x00000000c0000000,0x00000000c09853e8,0x00000000c5400000)
 Metaspace       used 6229K, capacity 7088K, committed 7296K, reserved 1056768K
  class space    used 602K, capacity 616K, committed 640K, reserved 1048576K
}
Event: 2.318 GC heap before
{Heap before GC invocations=4 (full 0):
 PSYoungGen      total 37888K, used 37862K [0x00000000eab00000, 0x00000000ef500000, 0x0000000100000000)
  eden space 32768K, 100% used [0x00000000eab00000,0x00000000ecb00000,0x00000000ecb00000)
  from space 5120K, 99% used [0x00000000ecb00000,0x00000000ecff9a48,0x00000000ed000000)
  to   space 5120K, 0% used [0x00000000ef000000,0x00000000ef000000,0x00000000ef500000)
 ParOldGen       total 86016K, used 9748K [0x00000000c0000000, 0x00000000c5400000, 0x00000000eab00000)
  object space 86016K, 11% used [0x00000000c0000000,0x00000000c09853e8,0x00000000c5400000)
 Metaspace       used 6265K, capacity 7152K, committed 7296K, reserved 1056768K
  class space    used 602K, capacity 616K, committed 640K, reserved 1048576K
Event: 2.347 GC heap after
Heap after GC invocations=4 (full 0):
 PSYoungGen      total 70656K, used 5113K [0x00000000eab00000, 0x00000000ef500000, 0x0000000100000000)
  eden space 65536K, 0% used [0x00000000eab00000,0x00000000eab00000,0x00000000eeb00000)
  from space 5120K, 99% used [0x00000000ef000000,0x00000000ef4fe400,0x00000000ef500000)
  to   space 5120K, 0% used [0x00000000eeb00000,0x00000000eeb00000,0x00000000ef000000)
 ParOldGen       total 86016K, used 15204K [0x00000000c0000000, 0x00000000c5400000, 0x00000000eab00000)
  object space 86016K, 17% used [0x00000000c0000000,0x00000000c0ed90e0,0x00000000c5400000)
 Metaspace       used 6265K, capacity 7152K, committed 7296K, reserved 1056768K
  class space    used 602K, capacity 616K, committed 640K, reserved 1048576K
}
Event: 2.914 GC heap before
{Heap before GC invocations=5 (full 0):
 PSYoungGen      total 70656K, used 70649K [0x00000000eab00000, 0x00000000ef500000, 0x0000000100000000)
  eden space 65536K, 100% used [0x00000000eab00000,0x00000000eeb00000,0x00000000eeb00000)
  from space 5120K, 99% used [0x00000000ef000000,0x00000000ef4fe400,0x00000000ef500000)
  to   space 5120K, 0% used [0x00000000eeb00000,0x00000000eeb00000,0x00000000ef000000)
 ParOldGen       total 86016K, used 15204K [0x00000000c0000000, 0x00000000c5400000, 0x00000000eab00000)
  object space 86016K, 17% used [0x00000000c0000000,0x00000000c0ed90e0,0x00000000c5400000)
 Metaspace       used 6383K, capacity 7192K, committed 7424K, reserved 1056768K
  class space    used 623K, capacity 656K, committed 768K, reserved 1048576K
Event: 2.941 GC heap after
Heap after GC invocations=5 (full 0):
 PSYoungGen      total 70656K, used 5100K [0x00000000eab00000, 0x00000000f4900000, 0x0000000100000000)
  eden space 65536K, 0% used [0x00000000eab00000,0x00000000eab00000,0x00000000eeb00000)
  from space 5120K, 99% used [0x00000000eeb00000,0x00000000eeffb2b8,0x00000000ef000000)
  to   space 15360K, 0% used [0x00000000f3a00000,0x00000000f3a00000,0x00000000f4900000)
 ParOldGen       total 86016K, used 23770K [0x00000000c0000000, 0x00000000c5400000, 0x00000000eab00000)
  object space 86016K, 27% used [0x00000000c0000000,0x00000000c1736830,0x00000000c5400000)
 Metaspace       used 6383K, capacity 7192K, committed 7424K, reserved 1056768K
  class space    used 623K, capacity 656K, committed 768K, reserved 1048576K
}
Event: 3.368 GC heap before
{Heap before GC invocations=6 (full 0):
 PSYoungGen      total 70656K, used 70636K [0x00000000eab00000, 0x00000000f4900000, 0x0000000100000000)
  eden space 65536K, 100% used [0x00000000eab00000,0x00000000eeb00000,0x00000000eeb00000)
  from space 5120K, 99% used [0x00000000eeb00000,0x00000000eeffb2b8,0x00000000ef000000)
  to   space 15360K, 0% used [0x00000000f3a00000,0x00000000f3a00000,0x00000000f4900000)
 ParOldGen       total 86016K, used 23770K [0x00000000c0000000, 0x00000000c5400000, 0x00000000eab00000)
  object space 86016K, 27% used [0x00000000c0000000,0x00000000c1736830,0x00000000c5400000)
 Metaspace       used 6434K, capacity 7192K, committed 7424K, reserved 1056768K
  class space    used 623K, capacity 656K, committed 768K, reserved 1048576K
Event: 3.410 GC heap after
Heap after GC invocations=6 (full 0):
 PSYoungGen      total 144896K, used 14649K [0x00000000eab00000, 0x00000000f4c00000, 0x0000000100000000)
  eden space 129536K, 0% used [0x00000000eab00000,0x00000000eab00000,0x00000000f2980000)
  from space 15360K, 95% used [0x00000000f3a00000,0x00000000f484e6f8,0x00000000f4900000)
  to   space 16896K, 0% used [0x00000000f2980000,0x00000000f2980000,0x00000000f3a00000)
 ParOldGen       total 86016K, used 23770K [0x00000000c0000000, 0x00000000c5400000, 0x00000000eab00000)
  object space 86016K, 27% used [0x00000000c0000000,0x00000000c1736830,0x00000000c5400000)
 Metaspace       used 6434K, capacity 7192K, committed 7424K, reserved 1056768K
  class space    used 623K, capacity 656K, committed 768K, reserved 1048576K
}

Deoptimization events (10 events):
Event: 2.816 Thread 0x000000001722e800 Uncommon trap: reason=bimorphic action=maybe_recompile pc=0x0000000003a8f024 method=com.android.dx.rop.code.RegisterSpec.withSimpleType()Lcom/android/dx/rop/code/RegisterSpec; @ 21
Event: 2.976 Thread 0x0000000001ad0800 Uncommon trap: reason=bimorphic action=maybe_recompile pc=0x0000000003ae78a4 method=com.android.dx.cf.code.BytecodeArray.parseInstruction(ILcom/android/dx/cf/code/BytecodeArray$Visitor;)I @ 1130
Event: 2.976 Thread 0x0000000001ad0800 Uncommon trap: reason=bimorphic action=maybe_recompile pc=0x0000000003ae7410 method=com.android.dx.cf.code.BytecodeArray.parseInstruction(ILcom/android/dx/cf/code/BytecodeArray$Visitor;)I @ 955
Event: 2.976 Thread 0x0000000001ad0800 Uncommon trap: reason=bimorphic action=maybe_recompile pc=0x0000000003ae7490 method=com.android.dx.cf.code.BytecodeArray.parseInstruction(ILcom/android/dx/cf/code/BytecodeArray$Visitor;)I @ 971
Event: 2.976 Thread 0x0000000001ad0800 Uncommon trap: reason=bimorphic action=maybe_recompile pc=0x0000000003ae7510 method=com.android.dx.cf.code.BytecodeArray.parseInstruction(ILcom/android/dx/cf/code/BytecodeArray$Visitor;)I @ 987
Event: 2.976 Thread 0x0000000001ad0800 Uncommon trap: reason=bimorphic action=maybe_recompile pc=0x0000000003ae78a4 method=com.android.dx.cf.code.BytecodeArray.parseInstruction(ILcom/android/dx/cf/code/BytecodeArray$Visitor;)I @ 1130
Event: 3.047 Thread 0x0000000001ad0800 Uncommon trap: reason=unloaded action=reinterpret pc=0x0000000003aaa4fc method=com.android.dx.cf.cst.ConstantPoolParser.parse0(ILjava/util/BitSet;)Lcom/android/dx/rop/cst/Constant; @ 198
Event: 3.175 Thread 0x000000001722e000 Uncommon trap: reason=bimorphic action=maybe_recompile pc=0x0000000003a8f024 method=com.android.dx.rop.code.RegisterSpec.withSimpleType()Lcom/android/dx/rop/code/RegisterSpec; @ 21
Event: 3.190 Thread 0x000000001722e000 Uncommon trap: reason=bimorphic action=maybe_recompile pc=0x0000000003a8f024 method=com.android.dx.rop.code.RegisterSpec.withSimpleType()Lcom/android/dx/rop/code/RegisterSpec; @ 21
Event: 3.650 Thread 0x000000001722e000 Uncommon trap: reason=unstable_if action=reinterpret pc=0x0000000003a3cd88 method=com.android.dx.ssa.SCCP.simulateBranch(Lcom/android/dx/ssa/SsaInsn;)V @ 548

Internal exceptions (5 events):
Event: 0.115 Thread 0x0000000001ad0800 Exception <a 'java/lang/NoSuchMethodError': Method sun.misc.Unsafe.defineClass(Ljava/lang/String;[BII)Ljava/lang/Class; name or signature does not match> (0x00000000eab13048) thrown at [C:\re\workspace\8-2-build-windows-amd64-cygwin\jdk8u66\5298\hotspot\sr×KXž4]½?
Event: 0.115 Thread 0x0000000001ad0800 Exception <a 'java/lang/NoSuchMethodError': Method sun.misc.Unsafe.prefetchRead(Ljava/lang/Object;J)V name or signature does not match> (0x00000000eab13330) thrown at [C:\re\workspace\8-2-build-windows-amd64-cygwin\jdk8u66\5298\hotspot\src\share\vm\prims\j¦ÙËK@
Event: 2.662 Thread 0x0000000001ad0800 Exception <a 'java/lang/ArrayIndexOutOfBoundsException': 18> (0x00000000ece0aa18) thrown at [C:\re\workspace\8-2-build-windows-amd64-cygwin\jdk8u66\5298\hotspot\src\share\vm\interpreter\interpreterRuntime.cpp, line 366]
Event: 2.664 Thread 0x0000000001ad0800 Exception <a 'java/lang/ArrayIndexOutOfBoundsException': 145> (0x00000000ece0c598) thrown at [C:\re\workspace\8-2-build-windows-amd64-cygwin\jdk8u66\5298\hotspot\src\share\vm\interpreter\interpreterRuntime.cpp, line 366]
Event: 2.665 Thread 0x0000000001ad0800 Exception <a 'java/lang/ArrayIndexOutOfBoundsException'> (0x00000000ece0d880) thrown at [C:\re\workspace\8-2-build-windows-amd64-cygwin\jdk8u66\5298\hotspot\src\share\vm\runtime\sharedRuntime.cpp, line 605]

Events (10 events):
Event: 3.221 Thread 0x000000001722e000 DEOPT UNPACKING pc=0x000000000344747f sp=0x000000001826ea18 mode 0
Event: 3.301 Thread 0x000000001729b800 DEOPT PACKING pc=0x0000000003a451e9 sp=0x000000001816ebe0
Event: 3.301 Thread 0x000000001729b800 DEOPT UNPACKING pc=0x000000000344747f sp=0x000000001816e9e8 mode 0
Event: 3.366 Executing VM operation: ParallelGCFailedAllocation
Event: 3.410 Executing VM operation: ParallelGCFailedAllocation done
Event: 3.458 Thread 0x000000001722e000 DEOPT PACKING pc=0x000000000377fc2a sp=0x000000001826ec50
Event: 3.458 Thread 0x000000001722e000 DEOPT UNPACKING pc=0x000000000344747f sp=0x000000001826ea18 mode 0
Event: 3.650 Thread 0x000000001722e000 Uncommon trap: trap_request=0xffffff65 fr.pc=0x0000000003a3cd88
Event: 3.650 Thread 0x000000001722e000 DEOPT PACKING pc=0x0000000003a3cd88 sp=0x000000001826ec20
Event: 3.650 Thread 0x000000001722e000 DEOPT UNPACKING pc=0x000000000344582a sp=0x000000001826ebf8 mode 2


Dynamic libraries:
0x00007ff7ff730000 - 0x00007ff7ff767000 	C:\Program Files\Java\jdk1.8.0_66\bin\java.exe
0x00007ff9ccee0000 - 0x00007ff9cd0a1000 	C:\WINDOWS\SYSTEM32\ntdll.dll
0x00007ff9cc680000 - 0x00007ff9cc72d000 	C:\WINDOWS\system32\KERNEL32.DLL
0x00007ff9c97e0000 - 0x00007ff9c99c8000 	C:\WINDOWS\system32\KERNELBASE.dll
0x00007ff9cc3f0000 - 0x00007ff9cc497000 	C:\WINDOWS\system32\ADVAPI32.dll
0x00007ff9cc4a0000 - 0x00007ff9cc53d000 	C:\WINDOWS\system32\msvcrt.dll
0x00007ff9ca2e0000 - 0x00007ff9ca33b000 	C:\WINDOWS\system32\sechost.dll
0x00007ff9cc730000 - 0x00007ff9cc84c000 	C:\WINDOWS\system32\RPCRT4.dll
0x00007ff9ca980000 - 0x00007ff9caad6000 	C:\WINDOWS\system32\USER32.dll
0x00007ff9ca340000 - 0x00007ff9ca4c6000 	C:\WINDOWS\system32\GDI32.dll
0x00007ff9c5eb0000 - 0x00007ff9c6124000 	C:\WINDOWS\WinSxS\amd64_microsoft.windows.common-controls_6595b64144ccf1df_6.0.10586.0_none_8c15ae12515e1c22\COMCTL32.dll
0x00007ff9caae0000 - 0x00007ff9cad5d000 	C:\WINDOWS\system32\combase.dll
0x00007ff9c99d0000 - 0x00007ff9c9a3a000 	C:\WINDOWS\system32\bcryptPrimitives.dll
0x00007ff9cc3b0000 - 0x00007ff9cc3eb000 	C:\WINDOWS\system32\IMM32.DLL
0x0000000071530000 - 0x0000000071602000 	C:\Program Files\Java\jdk1.8.0_66\jre\bin\msvcr100.dll
0x0000000070ca0000 - 0x0000000071529000 	C:\Program Files\Java\jdk1.8.0_66\jre\bin\server\jvm.dll
0x00007ff9cc5a0000 - 0x00007ff9cc5a8000 	C:\WINDOWS\system32\PSAPI.DLL
0x00007ff9bfa60000 - 0x00007ff9bfa69000 	C:\WINDOWS\SYSTEM32\WSOCK32.dll
0x00007ff9cc2c0000 - 0x00007ff9cc32b000 	C:\WINDOWS\system32\WS2_32.dll
0x00007ff9c7830000 - 0x00007ff9c7853000 	C:\WINDOWS\SYSTEM32\WINMM.dll
0x00007ff9c5e90000 - 0x00007ff9c5e9a000 	C:\WINDOWS\SYSTEM32\VERSION.dll
0x00007ff9c75e0000 - 0x00007ff9c760c000 	C:\WINDOWS\SYSTEM32\WINMMBASE.dll
0x00007ff9c9790000 - 0x00007ff9c97d3000 	C:\WINDOWS\system32\cfgmgr32.dll
0x0000000070c90000 - 0x0000000070c9f000 	C:\Program Files\Java\jdk1.8.0_66\jre\bin\verify.dll
0x0000000070c60000 - 0x0000000070c89000 	C:\Program Files\Java\jdk1.8.0_66\jre\bin\java.dll
0x0000000070c40000 - 0x0000000070c56000 	C:\Program Files\Java\jdk1.8.0_66\jre\bin\zip.dll
0x00007ff9cad60000 - 0x00007ff9cc2bc000 	C:\WINDOWS\system32\SHELL32.dll
0x00007ff9c9c90000 - 0x00007ff9ca2d4000 	C:\WINDOWS\system32\windows.storage.dll
0x00007ff9cc340000 - 0x00007ff9cc392000 	C:\WINDOWS\system32\shlwapi.dll
0x00007ff9c9580000 - 0x00007ff9c958f000 	C:\WINDOWS\system32\kernel.appcore.dll
0x00007ff9c96d0000 - 0x00007ff9c9785000 	C:\WINDOWS\system32\shcore.dll
0x00007ff9c9530000 - 0x00007ff9c957b000 	C:\WINDOWS\system32\powrprof.dll
0x00007ff9c9510000 - 0x00007ff9c9524000 	C:\WINDOWS\system32\profapi.dll

VM Arguments:
jvm_args: -Djava.awt.headless=true -Xmx1024M -Dfile.encoding=windows-1251 -Duser.country=RU -Duser.language=ru -Duser.variant 
java_command: com.android.dx.command.Main --dex --force-jumbo --num-threads=4 --multi-dex --output C:\DevIntensive\app\build\intermediates\transforms\dex\debug\folders\1000\10\com.android.support-appcompat-v7-23.4.0_f12849ba7dfdcfea8d50316dac387517b5ad021f C:\DevIntensive\app\build\intermediates\exploded-aar\com.android.support\appcompat-v7\23.4.0\jars\classes.jar
java_class_path (initial): C:\Android\sdk\build-tools\23.0.3\lib\dx.jar
Launcher Type: SUN_STANDARD

Environment Variables:
PATH=C:\ProgramData\Oracle\Java\javapath;C:\Program Files (x86)\NVIDIA Corporation\PhysX\Common;C:\WINDOWS\system32;C:\WINDOWS;C:\WINDOWS\System32\Wbem;C:\WINDOWS\System32\WindowsPowerShell\v1.0\;C:\Program Files (x86)\Windows Live\Shared;C:\Program Files\Git\cmd
USERNAME=golit
OS=Windows_NT
PROCESSOR_IDENTIFIER=Intel64 Family 6 Model 37 Stepping 5, GenuineIntel



---------------  S Y S T E M  ---------------

OS: Windows 10.0 , 64 bit Build 10586 (10.0.10586.0)

CPU:total 4 (2 cores per cpu, 2 threads per core) family 6 model 37 stepping 5, cmov, cx8, fxsr, mmx, sse, sse2, sse3, ssse3, sse4.1, sse4.2, popcnt, ht, tsc, tscinvbit

Memory: 4k page, physical 8248392k(1526264k free), swap 8248392k(5700k free)

vm_info: Java HotSpot(TM) 64-Bit Server VM (25.66-b18) for windows-amd64 JRE (1.8.0_66-b18), built on Nov  9 2015 10:51:13 by "java_re" with MS VC++ 10.0 (VS2010)

time: Tue Jun 28 19:37:38 2016
elapsed time: 3 seconds (0d 0h 0m 3s)

