#
# There is insufficient memory for the Java Runtime Environment to continue.
# Native memory allocation (malloc) failed to allocate 1048576 bytes for AllocateHeap
# Possible reasons:
#   The system is out of physical RAM or swap space
#   In 32 bit mode, the process size limit was hit
# Possible solutions:
#   Reduce memory load on the system
#   Increase physical memory or swap space
#   Check if swap backing store is full
#   Use 64 bit Java on a 64 bit OS
#   Decrease Java heap size (-Xmx/-Xms)
#   Decrease number of Java threads
#   Decrease Java thread stack sizes (-Xss)
#   Set larger code cache with -XX:ReservedCodeCacheSize=
# This output file may be truncated or incomplete.
#
#  Out of Memory Error (memory/allocation.inline.hpp:61), pid=5324, tid=9000
#
# JRE version:  (8.0_66-b18) (build )
# Java VM: Java HotSpot(TM) 64-Bit Server VM (25.66-b18 mixed mode windows-amd64 compressed oops)
# Failed to write core dump. Minidumps are not enabled by default on client versions of Windows
#

---------------  T H R E A D  ---------------

Current thread (0x0000000000f00800):  JavaThread "Unknown thread" [_thread_in_vm, id=9000, stack(0x0000000000d50000,0x0000000000e50000)]

Stack: [0x0000000000d50000,0x0000000000e50000]
[error occurred during error reporting (printing stack bounds), id 0xc0000005]

Native frames: (J=compiled Java code, j=interpreted, Vv=VM code, C=native code)


---------------  P R O C E S S  ---------------

Java Threads: ( => current thread )

Other Threads:

=>0x0000000000f00800 (exited) JavaThread "Unknown thread" [_thread_in_vm, id=9000, stack(0x0000000000d50000,0x0000000000e50000)]

VM state:not at safepoint (normal execution)

VM Mutex/Monitor currently owned by a thread: None

Heap:
 PSYoungGen      total 37888K, used 655K [0x00000000eab00000, 0x00000000ed500000, 0x0000000100000000)
  eden space 32768K, 2% used [0x00000000eab00000,0x00000000eaba3d80,0x00000000ecb00000)
  from space 5120K, 0% used [0x00000000ed000000,0x00000000ed000000,0x00000000ed500000)
  to   space 5120K, 0% used [0x00000000ecb00000,0x00000000ecb00000,0x00000000ed000000)
 ParOldGen       total 86016K, used 0K [0x00000000c0000000, 0x00000000c5400000, 0x00000000eab00000)
  object space 86016K, 0% used [0x00000000c0000000,0x00000000c0000000,0x00000000c5400000)
 Metaspace       used 767K, capacity 4480K, committed 4480K, reserved 1056768K
  class space    used 75K, capacity 384K, committed 384K, reserved 1048576K

Card table byte_map: [0x0000000001490000,0x00000000016a0000] byte_map_base: 0x0000000000e90000

Marking Bits: (ParMarkBitMap*) 0x00000000714aa5b0
 Begin Bits: [0x0000000012400000, 0x0000000013400000)
 End Bits:   [0x0000000013400000, 0x0000000014400000)

Polling page: 0x00000000001f0000

CodeCache: size=245760Kb used=327Kb max_used=327Kb free=245432Kb
 bounds [0x0000000003400000, 0x0000000003670000, 0x0000000012400000]
 total_blobs=56 nmethods=0 adapters=37
 compilation: enabled

Compilation events (0 events):
No events

GC Heap History (0 events):
No events

Deoptimization events (0 events):
No events

Internal exceptions (0 events):
No events

Events (10 events):
Event: 0.083 loading class java/lang/Short
Event: 0.083 loading class java/lang/Short done
Event: 0.083 loading class java/lang/Integer
Event: 0.083 loading class java/lang/Integer done
Event: 0.084 loading class java/lang/Long
Event: 0.084 loading class java/lang/Long done
Event: 0.085 loading class java/lang/NullPointerException
Event: 0.085 loading class java/lang/NullPointerException done
Event: 0.085 loading class java/lang/ArithmeticException
Event: 0.085 loading class java/lang/ArithmeticException done


Dynamic libraries:
0x00007ff7ff730000 - 0x00007ff7ff767000 	C:\Program Files\Java\jdk1.8.0_66\bin\java.exe
0x00007ff9ccee0000 - 0x00007ff9cd0a1000 	C:\WINDOWS\SYSTEM32\ntdll.dll
0x00007ff9cc680000 - 0x00007ff9cc72d000 	C:\WINDOWS\system32\KERNEL32.DLL
0x00007ff9c97e0000 - 0x00007ff9c99c8000 	C:\WINDOWS\system32\KERNELBASE.dll
0x00007ff9cc3f0000 - 0x00007ff9cc497000 	C:\WINDOWS\system32\ADVAPI32.dll
0x00007ff9cc4a0000 - 0x00007ff9cc53d000 	C:\WINDOWS\system32\msvcrt.dll
0x00007ff9ca2e0000 - 0x00007ff9ca33b000 	C:\WINDOWS\system32\sechost.dll
0x00007ff9cc730000 - 0x00007ff9cc84c000 	C:\WINDOWS\system32\RPCRT4.dll
0x00007ff9ca980000 - 0x00007ff9caad6000 	C:\WINDOWS\system32\USER32.dll
0x00007ff9ca340000 - 0x00007ff9ca4c6000 	C:\WINDOWS\system32\GDI32.dll
0x00007ff9c5eb0000 - 0x00007ff9c6124000 	C:\WINDOWS\WinSxS\amd64_microsoft.windows.common-controls_6595b64144ccf1df_6.0.10586.0_none_8c15ae12515e1c22\COMCTL32.dll
0x00007ff9caae0000 - 0x00007ff9cad5d000 	C:\WINDOWS\system32\combase.dll
0x00007ff9c99d0000 - 0x00007ff9c9a3a000 	C:\WINDOWS\system32\bcryptPrimitives.dll
0x00007ff9cc3b0000 - 0x00007ff9cc3eb000 	C:\WINDOWS\system32\IMM32.DLL
0x0000000071530000 - 0x0000000071602000 	C:\Program Files\Java\jdk1.8.0_66\jre\bin\msvcr100.dll
0x0000000070ca0000 - 0x0000000071529000 	C:\Program Files\Java\jdk1.8.0_66\jre\bin\server\jvm.dll
0x00007ff9cc5a0000 - 0x00007ff9cc5a8000 	C:\WINDOWS\system32\PSAPI.DLL
0x00007ff9bfa60000 - 0x00007ff9bfa69000 	C:\WINDOWS\SYSTEM32\WSOCK32.dll
0x00007ff9cc2c0000 - 0x00007ff9cc32b000 	C:\WINDOWS\system32\WS2_32.dll
0x00007ff9c7830000 - 0x00007ff9c7853000 	C:\WINDOWS\SYSTEM32\WINMM.dll
0x00007ff9c5e90000 - 0x00007ff9c5e9a000 	C:\WINDOWS\SYSTEM32\VERSION.dll
0x00007ff9c75e0000 - 0x00007ff9c760c000 	C:\WINDOWS\SYSTEM32\WINMMBASE.dll
0x00007ff9c9790000 - 0x00007ff9c97d3000 	C:\WINDOWS\system32\cfgmgr32.dll
0x0000000070c90000 - 0x0000000070c9f000 	C:\Program Files\Java\jdk1.8.0_66\jre\bin\verify.dll
0x0000000070c60000 - 0x0000000070c89000 	C:\Program Files\Java\jdk1.8.0_66\jre\bin\java.dll
0x0000000070c40000 - 0x0000000070c56000 	C:\Program Files\Java\jdk1.8.0_66\jre\bin\zip.dll

VM Arguments:
jvm_args: -Djava.awt.headless=true -Xmx1024M -Dfile.encoding=windows-1251 -Duser.country=RU -Duser.language=ru -Duser.variant 
java_command: com.android.dx.command.Main --dex --force-jumbo --num-threads=4 --multi-dex --output C:\DevIntensive\app\build\intermediates\transforms\dex\debug\folders\1000\10\support-annotations-23.4.0_fc18a0fdc80391aaf9a93e629f1a6f03cf6a9cf4 C:\Android\sdk\extras\android\m2repository\com\android\support\support-annotations\23.4.0\support-annotations-23.4.0.jar
java_class_path (initial): C:\Android\sdk\build-tools\23.0.3\lib\dx.jar
Launcher Type: SUN_STANDARD

Environment Variables:
PATH=C:\ProgramData\Oracle\Java\javapath;C:\Program Files (x86)\NVIDIA Corporation\PhysX\Common;C:\WINDOWS\system32;C:\WINDOWS;C:\WINDOWS\System32\Wbem;C:\WINDOWS\System32\WindowsPowerShell\v1.0\;C:\Program Files (x86)\Windows Live\Shared;C:\Program Files\Git\cmd
USERNAME=golit
OS=Windows_NT
PROCESSOR_IDENTIFIER=Intel64 Family 6 Model 37 Stepping 5, GenuineIntel



---------------  S Y S T E M  ---------------

OS: Windows 10.0 , 64 bit Build 10586 (10.0.10586.0)

CPU:total 4 (2 cores per cpu, 2 threads per core) family 6 model 37 stepping 5, cmov, cx8, fxsr, mmx, sse, sse2, sse3, ssse3, sse4.1, sse4.2, popcnt, ht, tsc, tscinvbit

Memory: 4k page, physical 8248392k(1541424k free), swap 8248392k(7232k free)

vm_info: Java HotSpot(TM) 64-Bit Server VM (25.66-b18) for windows-amd64 JRE (1.8.0_66-b18), built on Nov  9 2015 10:51:13 by "java_re" with MS VC++ 10.0 (VS2010)

time: Tue Jun 28 19:37:31 2016
elapsed time: 0 seconds (0d 0h 0m 0s)

