#
# There is insufficient memory for the Java Runtime Environment to continue.
# Native memory allocation (malloc) failed to allocate 1204976 bytes for Chunk::new
# Possible reasons:
#   The system is out of physical RAM or swap space
#   In 32 bit mode, the process size limit was hit
# Possible solutions:
#   Reduce memory load on the system
#   Increase physical memory or swap space
#   Check if swap backing store is full
#   Use 64 bit Java on a 64 bit OS
#   Decrease Java heap size (-Xmx/-Xms)
#   Decrease number of Java threads
#   Decrease Java thread stack sizes (-Xss)
#   Set larger code cache with -XX:ReservedCodeCacheSize=
# This output file may be truncated or incomplete.
#
#  Out of Memory Error (allocation.cpp:390), pid=7588, tid=6268
#
# JRE version: Java(TM) SE Runtime Environment (8.0_66-b18) (build 1.8.0_66-b18)
# Java VM: Java HotSpot(TM) 64-Bit Server VM (25.66-b18 mixed mode windows-amd64 compressed oops)
# Failed to write core dump. Minidumps are not enabled by default on client versions of Windows
#

---------------  T H R E A D  ---------------

Current thread (0x000000001529d800):  JavaThread "C2 CompilerThread0" daemon [_thread_in_native, id=6268, stack(0x00000000169e0000,0x0000000016ae0000)]

Stack: [0x00000000169e0000,0x0000000016ae0000]
[error occurred during error reporting (printing stack bounds), id 0xc0000005]

Native frames: (J=compiled Java code, j=interpreted, Vv=VM code, C=native code)


Current CompileTask:
C2:   4526 1888   !   4       com.android.dx.cf.code.RopperMachine::run (1550 bytes)


---------------  P R O C E S S  ---------------

Java Threads: ( => current thread )
  0x0000000016be5000 JavaThread "Service Thread" daemon [_thread_blocked, id=17488, stack(0x00000000170e0000,0x00000000171e0000)]
  0x0000000016be0800 JavaThread "C1 CompilerThread2" daemon [_thread_blocked, id=7256, stack(0x0000000016fe0000,0x00000000170e0000)]
  0x00000000152a2800 JavaThread "C2 CompilerThread1" daemon [_thread_in_native, id=8300, stack(0x0000000016ae0000,0x0000000016be0000)]
=>0x000000001529d800 JavaThread "C2 CompilerThread0" daemon [_thread_in_native, id=6268, stack(0x00000000169e0000,0x0000000016ae0000)]
  0x000000001529b800 JavaThread "Attach Listener" daemon [_thread_blocked, id=16920, stack(0x00000000168e0000,0x00000000169e0000)]
  0x000000001529a800 JavaThread "Signal Dispatcher" daemon [_thread_blocked, id=11536, stack(0x00000000167e0000,0x00000000168e0000)]
  0x00000000016c6000 JavaThread "Finalizer" daemon [_thread_blocked, id=2240, stack(0x00000000164f0000,0x00000000165f0000)]
  0x00000000016bd000 JavaThread "Reference Handler" daemon [_thread_blocked, id=12556, stack(0x00000000163f0000,0x00000000164f0000)]
  0x00000000015d0800 JavaThread "main" [_thread_in_Java, id=11884, stack(0x00000000014d0000,0x00000000015d0000)]

Other Threads:
  0x0000000015268000 VMThread [stack: 0x00000000162f0000,0x00000000163f0000] [id=9684]
  0x0000000016bfa000 WatcherThread [stack: 0x00000000171e0000,0x00000000172e0000] [id=14684]

VM state:not at safepoint (normal execution)

VM Mutex/Monitor currently owned by a thread: None

Heap:
 PSYoungGen      total 136192K, used 12841K [0x00000000eab00000, 0x00000000f3500000, 0x0000000100000000)
  eden space 131072K, 5% used [0x00000000eab00000,0x00000000eb291c10,0x00000000f2b00000)
  from space 5120K, 99% used [0x00000000f2b00000,0x00000000f2ff8af8,0x00000000f3000000)
  to   space 5120K, 0% used [0x00000000f3000000,0x00000000f3000000,0x00000000f3500000)
 ParOldGen       total 86016K, used 42090K [0x00000000c0000000, 0x00000000c5400000, 0x00000000eab00000)
  object space 86016K, 48% used [0x00000000c0000000,0x00000000c291a8d8,0x00000000c5400000)
 Metaspace       used 6574K, capacity 7256K, committed 7424K, reserved 1056768K
  class space    used 629K, capacity 656K, committed 768K, reserved 1048576K

Card table byte_map: [0x0000000001a90000,0x0000000001ca0000] byte_map_base: 0x0000000001490000

Marking Bits: (ParMarkBitMap*) 0x000000006f8aa5b0
 Begin Bits: [0x0000000012700000, 0x0000000013700000)
 End Bits:   [0x0000000013700000, 0x0000000014700000)

Polling page: 0x0000000001010000

CodeCache: size=245760Kb used=8133Kb max_used=8133Kb free=237626Kb
 bounds [0x0000000003400000, 0x0000000003c00000, 0x0000000012400000]
 total_blobs=2198 nmethods=1929 adapters=182
 compilation: enabled

Compilation events (10 events):
Event: 4.519 Thread 0x0000000016be0800 nmethod 2002 0x0000000003bf41d0 code [0x0000000003bf4340, 0x0000000003bf4518]
Event: 4.521 Thread 0x0000000016be0800 2003       2       java.util.ComparableTimSort::binarySort (223 bytes)
Event: 4.521 Thread 0x0000000016be0800 nmethod 2003 0x0000000003bf4650 code [0x0000000003bf4800, 0x0000000003bf4e18]
Event: 4.521 Thread 0x0000000016be0800 2004       2       com.android.dx.dex.file.EncodedField::addContents (15 bytes)
Event: 4.521 Thread 0x0000000016be0800 nmethod 2004 0x0000000003bf5250 code [0x0000000003bf53c0, 0x0000000003bf5548]
Event: 4.521 Thread 0x0000000016be0800 2005       2       java.util.Collections::sort (8 bytes)
Event: 4.522 Thread 0x0000000016be0800 nmethod 2005 0x0000000003bf5650 code [0x0000000003bf57c0, 0x0000000003bf5928]
Event: 4.523 Thread 0x0000000016be0800 2006       2       java.util.ComparableTimSort::sort (219 bytes)
Event: 4.523 Thread 0x0000000016be0800 nmethod 2006 0x0000000003bf59d0 code [0x0000000003bf5ba0, 0x0000000003bf6018]
Event: 4.523 Thread 0x0000000016be0800 2007       2       com.android.dx.dex.file.ClassDataItem::addContents (207 bytes)

GC Heap History (10 events):
Event: 1.003 GC heap before
{Heap before GC invocations=1 (full 0):
 PSYoungGen      total 37888K, used 32768K [0x00000000eab00000, 0x00000000ed500000, 0x0000000100000000)
  eden space 32768K, 100% used [0x00000000eab00000,0x00000000ecb00000,0x00000000ecb00000)
  from space 5120K, 0% used [0x00000000ed000000,0x00000000ed000000,0x00000000ed500000)
  to   space 5120K, 0% used [0x00000000ecb00000,0x00000000ecb00000,0x00000000ed000000)
 ParOldGen       total 86016K, used 0K [0x00000000c0000000, 0x00000000c5400000, 0x00000000eab00000)
  object space 86016K, 0% used [0x00000000c0000000,0x00000000c0000000,0x00000000c5400000)
 Metaspace       used 5996K, capacity 6896K, committed 7040K, reserved 1056768K
  class space    used 602K, capacity 616K, committed 640K, reserved 1048576K
Event: 1.014 GC heap after
Heap after GC invocations=1 (full 0):
 PSYoungGen      total 37888K, used 5091K [0x00000000eab00000, 0x00000000ef500000, 0x0000000100000000)
  eden space 32768K, 0% used [0x00000000eab00000,0x00000000eab00000,0x00000000ecb00000)
  from space 5120K, 99% used [0x00000000ecb00000,0x00000000ecff8e60,0x00000000ed000000)
  to   space 5120K, 0% used [0x00000000ef000000,0x00000000ef000000,0x00000000ef500000)
 ParOldGen       total 86016K, used 1041K [0x00000000c0000000, 0x00000000c5400000, 0x00000000eab00000)
  object space 86016K, 1% used [0x00000000c0000000,0x00000000c0104408,0x00000000c5400000)
 Metaspace       used 5996K, capacity 6896K, committed 7040K, reserved 1056768K
  class space    used 602K, capacity 616K, committed 640K, reserved 1048576K
}
Event: 1.524 GC heap before
{Heap before GC invocations=2 (full 0):
 PSYoungGen      total 37888K, used 37859K [0x00000000eab00000, 0x00000000ef500000, 0x0000000100000000)
  eden space 32768K, 100% used [0x00000000eab00000,0x00000000ecb00000,0x00000000ecb00000)
  from space 5120K, 99% used [0x00000000ecb00000,0x00000000ecff8e60,0x00000000ed000000)
  to   space 5120K, 0% used [0x00000000ef000000,0x00000000ef000000,0x00000000ef500000)
 ParOldGen       total 86016K, used 1041K [0x00000000c0000000, 0x00000000c5400000, 0x00000000eab00000)
  object space 86016K, 1% used [0x00000000c0000000,0x00000000c0104408,0x00000000c5400000)
 Metaspace       used 6185K, capacity 7088K, committed 7296K, reserved 1056768K
  class space    used 602K, capacity 616K, committed 640K, reserved 1048576K
Event: 1.559 GC heap after
Heap after GC invocations=2 (full 0):
 PSYoungGen      total 70656K, used 5094K [0x00000000eab00000, 0x00000000ef500000, 0x0000000100000000)
  eden space 65536K, 0% used [0x00000000eab00000,0x00000000eab00000,0x00000000eeb00000)
  from space 5120K, 99% used [0x00000000ef000000,0x00000000ef4f9b18,0x00000000ef500000)
  to   space 5120K, 0% used [0x00000000eeb00000,0x00000000eeb00000,0x00000000ef000000)
 ParOldGen       total 86016K, used 4938K [0x00000000c0000000, 0x00000000c5400000, 0x00000000eab00000)
  object space 86016K, 5% used [0x00000000c0000000,0x00000000c04d29b8,0x00000000c5400000)
 Metaspace       used 6185K, capacity 7088K, committed 7296K, reserved 1056768K
  class space    used 602K, capacity 616K, committed 640K, reserved 1048576K
}
Event: 2.288 GC heap before
{Heap before GC invocations=3 (full 0):
 PSYoungGen      total 70656K, used 70630K [0x00000000eab00000, 0x00000000ef500000, 0x0000000100000000)
  eden space 65536K, 100% used [0x00000000eab00000,0x00000000eeb00000,0x00000000eeb00000)
  from space 5120K, 99% used [0x00000000ef000000,0x00000000ef4f9b18,0x00000000ef500000)
  to   space 5120K, 0% used [0x00000000eeb00000,0x00000000eeb00000,0x00000000ef000000)
 ParOldGen       total 86016K, used 4938K [0x00000000c0000000, 0x00000000c5400000, 0x00000000eab00000)
  object space 86016K, 5% used [0x00000000c0000000,0x00000000c04d29b8,0x00000000c5400000)
 Metaspace       used 6279K, capacity 7152K, committed 7296K, reserved 1056768K
  class space    used 603K, capacity 616K, committed 640K, reserved 1048576K
Event: 2.316 GC heap after
Heap after GC invocations=3 (full 0):
 PSYoungGen      total 70656K, used 5093K [0x00000000eab00000, 0x00000000f3500000, 0x0000000100000000)
  eden space 65536K, 0% used [0x00000000eab00000,0x00000000eab00000,0x00000000eeb00000)
  from space 5120K, 99% used [0x00000000eeb00000,0x00000000eeff94f0,0x00000000ef000000)
  to   space 5120K, 0% used [0x00000000f3000000,0x00000000f3000000,0x00000000f3500000)
 ParOldGen       total 86016K, used 14679K [0x00000000c0000000, 0x00000000c5400000, 0x00000000eab00000)
  object space 86016K, 17% used [0x00000000c0000000,0x00000000c0e55d70,0x00000000c5400000)
 Metaspace       used 6279K, capacity 7152K, committed 7296K, reserved 1056768K
  class space    used 603K, capacity 616K, committed 640K, reserved 1048576K
}
Event: 2.879 GC heap before
{Heap before GC invocations=4 (full 0):
 PSYoungGen      total 70656K, used 70629K [0x00000000eab00000, 0x00000000f3500000, 0x0000000100000000)
  eden space 65536K, 100% used [0x00000000eab00000,0x00000000eeb00000,0x00000000eeb00000)
  from space 5120K, 99% used [0x00000000eeb00000,0x00000000eeff94f0,0x00000000ef000000)
  to   space 5120K, 0% used [0x00000000f3000000,0x00000000f3000000,0x00000000f3500000)
 ParOldGen       total 86016K, used 14679K [0x00000000c0000000, 0x00000000c5400000, 0x00000000eab00000)
  object space 86016K, 17% used [0x00000000c0000000,0x00000000c0e55d70,0x00000000c5400000)
 Metaspace       used 6397K, capacity 7192K, committed 7424K, reserved 1056768K
  class space    used 623K, capacity 656K, committed 768K, reserved 1048576K
Event: 2.912 GC heap after
Heap after GC invocations=4 (full 0):
 PSYoungGen      total 136192K, used 5111K [0x00000000eab00000, 0x00000000f3500000, 0x0000000100000000)
  eden space 131072K, 0% used [0x00000000eab00000,0x00000000eab00000,0x00000000f2b00000)
  from space 5120K, 99% used [0x00000000f3000000,0x00000000f34fdd40,0x00000000f3500000)
  to   space 5120K, 0% used [0x00000000f2b00000,0x00000000f2b00000,0x00000000f3000000)
 ParOldGen       total 86016K, used 23313K [0x00000000c0000000, 0x00000000c5400000, 0x00000000eab00000)
  object space 86016K, 27% used [0x00000000c0000000,0x00000000c16c4698,0x00000000c5400000)
 Metaspace       used 6397K, capacity 7192K, committed 7424K, reserved 1056768K
  class space    used 623K, capacity 656K, committed 768K, reserved 1048576K
}
Event: 4.376 GC heap before
{Heap before GC invocations=5 (full 0):
 PSYoungGen      total 136192K, used 136183K [0x00000000eab00000, 0x00000000f3500000, 0x0000000100000000)
  eden space 131072K, 100% used [0x00000000eab00000,0x00000000f2b00000,0x00000000f2b00000)
  from space 5120K, 99% used [0x00000000f3000000,0x00000000f34fdd40,0x00000000f3500000)
  to   space 5120K, 0% used [0x00000000f2b00000,0x00000000f2b00000,0x00000000f3000000)
 ParOldGen       total 86016K, used 23313K [0x00000000c0000000, 0x00000000c5400000, 0x00000000eab00000)
  object space 86016K, 27% used [0x00000000c0000000,0x00000000c16c4698,0x00000000c5400000)
 Metaspace       used 6524K, capacity 7256K, committed 7424K, reserved 1056768K
  class space    used 625K, capacity 656K, committed 768K, reserved 1048576K
Event: 4.431 GC heap after
Heap after GC invocations=5 (full 0):
 PSYoungGen      total 136192K, used 5090K [0x00000000eab00000, 0x00000000f3500000, 0x0000000100000000)
  eden space 131072K, 0% used [0x00000000eab00000,0x00000000eab00000,0x00000000f2b00000)
  from space 5120K, 99% used [0x00000000f2b00000,0x00000000f2ff8af8,0x00000000f3000000)
  to   space 5120K, 0% used [0x00000000f3000000,0x00000000f3000000,0x00000000f3500000)
 ParOldGen       total 86016K, used 42090K [0x00000000c0000000, 0x00000000c5400000, 0x00000000eab00000)
  object space 86016K, 48% used [0x00000000c0000000,0x00000000c291a8d8,0x00000000c5400000)
 Metaspace       used 6524K, capacity 7256K, committed 7424K, reserved 1056768K
  class space    used 625K, capacity 656K, committed 768K, reserved 1048576K
}

Deoptimization events (10 events):
Event: 2.994 Thread 0x0000000016e2d000 Uncommon trap: reason=bimorphic action=maybe_recompile pc=0x0000000003adca48 method=com.android.dx.cf.code.BytecodeArray.parseInstruction(ILcom/android/dx/cf/code/BytecodeArray$Visitor;)I @ 987
Event: 2.994 Thread 0x0000000016e2d000 Uncommon trap: reason=bimorphic action=maybe_recompile pc=0x0000000003adcddc method=com.android.dx.cf.code.BytecodeArray.parseInstruction(ILcom/android/dx/cf/code/BytecodeArray$Visitor;)I @ 1130
Event: 3.016 Thread 0x0000000016e2c000 Uncommon trap: reason=unstable_if action=reinterpret pc=0x0000000003ad6a3c method=com.android.dx.rop.code.RegisterSpec.intersect(Lcom/android/dx/rop/code/RegisterSpec;Z)Lcom/android/dx/rop/code/RegisterSpec; @ 42
Event: 4.133 Thread 0x0000000016e72800 Uncommon trap: reason=unstable_if action=reinterpret pc=0x0000000003a84b80 method=com.android.dx.ssa.SCCP.simulateBranch(Lcom/android/dx/ssa/SsaInsn;)V @ 548
Event: 4.205 Thread 0x0000000016e2d000 Uncommon trap: reason=unstable_if action=reinterpret pc=0x00000000038e4c48 method=java.util.HashMap.putVal(ILjava/lang/Object;Ljava/lang/Object;ZZ)Ljava/lang/Object; @ 162
Event: 4.218 Thread 0x0000000016e2d000 Uncommon trap: reason=unstable_if action=reinterpret pc=0x0000000003b91fac method=com.android.dx.rop.cst.CstNat.equals(Ljava/lang/Object;)Z @ 25
Event: 4.507 Thread 0x00000000015d0800 Uncommon trap: reason=class_check action=maybe_recompile pc=0x0000000003865188 method=java.util.Arrays.hashCode([Ljava/lang/Object;)I @ 43
Event: 4.507 Thread 0x00000000015d0800 Uncommon trap: reason=class_check action=maybe_recompile pc=0x0000000003865188 method=java.util.Arrays.hashCode([Ljava/lang/Object;)I @ 43
Event: 4.507 Thread 0x00000000015d0800 Uncommon trap: reason=class_check action=maybe_recompile pc=0x0000000003865188 method=java.util.Arrays.hashCode([Ljava/lang/Object;)I @ 43
Event: 4.507 Thread 0x00000000015d0800 Uncommon trap: reason=class_check action=maybe_recompile pc=0x0000000003865188 method=java.util.Arrays.hashCode([Ljava/lang/Object;)I @ 43

Internal exceptions (5 events):
Event: 0.061 Thread 0x00000000015d0800 Exception <a 'java/lang/NoSuchMethodError': Method sun.misc.Unsafe.defineClass(Ljava/lang/String;[BII)Ljava/lang/Class; name or signature does not match> (0x00000000eab13050) thrown at [C:\re\workspace\8-2-build-windows-amd64-cygwin\jdk8u66\5298\hotspot\sr¿¤±ý×@¯?
Event: 0.061 Thread 0x00000000015d0800 Exception <a 'java/lang/NoSuchMethodError': Method sun.misc.Unsafe.prefetchRead(Ljava/lang/Object;J)V name or signature does not match> (0x00000000eab13338) thrown at [C:\re\workspace\8-2-build-windows-amd64-cygwin\jdk8u66\5298\hotspot\src\share\vm\prims\jÌéNDú@
Event: 2.762 Thread 0x0000000016e72800 Exception <a 'java/lang/ArrayIndexOutOfBoundsException': 18> (0x00000000ed8f9a48) thrown at [C:\re\workspace\8-2-build-windows-amd64-cygwin\jdk8u66\5298\hotspot\src\share\vm\interpreter\interpreterRuntime.cpp, line 366]
Event: 2.763 Thread 0x0000000016e72800 Exception <a 'java/lang/ArrayIndexOutOfBoundsException': 145> (0x00000000ed8fb5c8) thrown at [C:\re\workspace\8-2-build-windows-amd64-cygwin\jdk8u66\5298\hotspot\src\share\vm\interpreter\interpreterRuntime.cpp, line 366]
Event: 2.764 Thread 0x0000000016e72800 Exception <a 'java/lang/ArrayIndexOutOfBoundsException'> (0x00000000ed8fc8b0) thrown at [C:\re\workspace\8-2-build-windows-amd64-cygwin\jdk8u66\5298\hotspot\src\share\vm\runtime\sharedRuntime.cpp, line 605]

Events (10 events):
Event: 4.507 Thread 0x00000000015d0800 DEOPT PACKING pc=0x0000000003865188 sp=0x00000000015cec30
Event: 4.507 Thread 0x00000000015d0800 DEOPT UNPACKING pc=0x000000000344582a sp=0x00000000015ceb60 mode 2
Event: 4.507 Thread 0x00000000015d0800 Uncommon trap: trap_request=0xffffffde fr.pc=0x0000000003865188
Event: 4.507 Thread 0x00000000015d0800 DEOPT PACKING pc=0x0000000003865188 sp=0x00000000015cec80
Event: 4.507 Thread 0x00000000015d0800 DEOPT UNPACKING pc=0x000000000344582a sp=0x00000000015cebb0 mode 2
Event: 4.507 Thread 0x00000000015d0800 Uncommon trap: trap_request=0xffffffde fr.pc=0x0000000003865188
Event: 4.507 Thread 0x00000000015d0800 DEOPT PACKING pc=0x0000000003865188 sp=0x00000000015cec30
Event: 4.507 Thread 0x00000000015d0800 DEOPT UNPACKING pc=0x000000000344582a sp=0x00000000015ceb60 mode 2
Event: 4.509 loading class com/android/dx/rop/cst/Zeroes
Event: 4.509 loading class com/android/dx/rop/cst/Zeroes done


Dynamic libraries:
0x00007ff61c6e0000 - 0x00007ff61c717000 	C:\Program Files\Java\jdk1.8.0_66\bin\java.exe
0x00007ff9ccee0000 - 0x00007ff9cd0a1000 	C:\WINDOWS\SYSTEM32\ntdll.dll
0x00007ff9cc680000 - 0x00007ff9cc72d000 	C:\WINDOWS\system32\KERNEL32.DLL
0x00007ff9c97e0000 - 0x00007ff9c99c8000 	C:\WINDOWS\system32\KERNELBASE.dll
0x00007ff9cc3f0000 - 0x00007ff9cc497000 	C:\WINDOWS\system32\ADVAPI32.dll
0x00007ff9cc4a0000 - 0x00007ff9cc53d000 	C:\WINDOWS\system32\msvcrt.dll
0x00007ff9ca2e0000 - 0x00007ff9ca33b000 	C:\WINDOWS\system32\sechost.dll
0x00007ff9cc730000 - 0x00007ff9cc84c000 	C:\WINDOWS\system32\RPCRT4.dll
0x00007ff9ca980000 - 0x00007ff9caad6000 	C:\WINDOWS\system32\USER32.dll
0x00007ff9ca340000 - 0x00007ff9ca4c6000 	C:\WINDOWS\system32\GDI32.dll
0x00007ff9c5eb0000 - 0x00007ff9c6124000 	C:\WINDOWS\WinSxS\amd64_microsoft.windows.common-controls_6595b64144ccf1df_6.0.10586.0_none_8c15ae12515e1c22\COMCTL32.dll
0x00007ff9caae0000 - 0x00007ff9cad5d000 	C:\WINDOWS\system32\combase.dll
0x00007ff9c99d0000 - 0x00007ff9c9a3a000 	C:\WINDOWS\system32\bcryptPrimitives.dll
0x00007ff9cc3b0000 - 0x00007ff9cc3eb000 	C:\WINDOWS\system32\IMM32.DLL
0x000000006f930000 - 0x000000006fa02000 	C:\Program Files\Java\jdk1.8.0_66\jre\bin\msvcr100.dll
0x000000006f0a0000 - 0x000000006f929000 	C:\Program Files\Java\jdk1.8.0_66\jre\bin\server\jvm.dll
0x00007ff9cc5a0000 - 0x00007ff9cc5a8000 	C:\WINDOWS\system32\PSAPI.DLL
0x00007ff9c78e0000 - 0x00007ff9c78e9000 	C:\WINDOWS\SYSTEM32\WSOCK32.dll
0x00007ff9cc2c0000 - 0x00007ff9cc32b000 	C:\WINDOWS\system32\WS2_32.dll
0x00007ff9c7830000 - 0x00007ff9c7853000 	C:\WINDOWS\SYSTEM32\WINMM.dll
0x00007ff9c5e90000 - 0x00007ff9c5e9a000 	C:\WINDOWS\SYSTEM32\VERSION.dll
0x00007ff9c75e0000 - 0x00007ff9c760c000 	C:\WINDOWS\SYSTEM32\WINMMBASE.dll
0x00007ff9c9790000 - 0x00007ff9c97d3000 	C:\WINDOWS\system32\cfgmgr32.dll
0x000000006f090000 - 0x000000006f09f000 	C:\Program Files\Java\jdk1.8.0_66\jre\bin\verify.dll
0x000000006f060000 - 0x000000006f089000 	C:\Program Files\Java\jdk1.8.0_66\jre\bin\java.dll
0x000000006f040000 - 0x000000006f056000 	C:\Program Files\Java\jdk1.8.0_66\jre\bin\zip.dll
0x00007ff9cad60000 - 0x00007ff9cc2bc000 	C:\WINDOWS\system32\SHELL32.dll
0x00007ff9c9c90000 - 0x00007ff9ca2d4000 	C:\WINDOWS\system32\windows.storage.dll
0x00007ff9cc340000 - 0x00007ff9cc392000 	C:\WINDOWS\system32\shlwapi.dll
0x00007ff9c9580000 - 0x00007ff9c958f000 	C:\WINDOWS\system32\kernel.appcore.dll
0x00007ff9c96d0000 - 0x00007ff9c9785000 	C:\WINDOWS\system32\shcore.dll
0x00007ff9c9530000 - 0x00007ff9c957b000 	C:\WINDOWS\system32\powrprof.dll
0x00007ff9c9510000 - 0x00007ff9c9524000 	C:\WINDOWS\system32\profapi.dll

VM Arguments:
jvm_args: -Djava.awt.headless=true -Xmx1024M -Dfile.encoding=windows-1251 -Duser.country=RU -Duser.language=ru -Duser.variant 
java_command: com.android.dx.command.Main --dex --force-jumbo --num-threads=4 --output C:\DevIntensiveClone\app\build\intermediates\pre-dexed\debug\com.android.support-appcompat-v7-23.4.0_4448c5c091835377ccc4be825f36be3aa795bc57.jar C:\DevIntensiveClone\app\build\intermediates\exploded-aar\com.android.support\appcompat-v7\23.4.0\jars\classes.jar
java_class_path (initial): C:\Android\sdk\build-tools\23.0.3\lib\dx.jar
Launcher Type: SUN_STANDARD

Environment Variables:
PATH=C:\ProgramData\Oracle\Java\javapath;C:\Program Files (x86)\NVIDIA Corporation\PhysX\Common;C:\WINDOWS\system32;C:\WINDOWS;C:\WINDOWS\System32\Wbem;C:\WINDOWS\System32\WindowsPowerShell\v1.0\;C:\Program Files (x86)\Windows Live\Shared;C:\Program Files\Git\cmd
USERNAME=golit
OS=Windows_NT
PROCESSOR_IDENTIFIER=Intel64 Family 6 Model 37 Stepping 5, GenuineIntel



---------------  S Y S T E M  ---------------

OS: Windows 10.0 , 64 bit Build 10586 (10.0.10586.0)

CPU:total 4 (2 cores per cpu, 2 threads per core) family 6 model 37 stepping 5, cmov, cx8, fxsr, mmx, sse, sse2, sse3, ssse3, sse4.1, sse4.2, popcnt, ht, tsc, tscinvbit

Memory: 4k page, physical 8248392k(1082288k free), swap 10196040k(5956k free)

vm_info: Java HotSpot(TM) 64-Bit Server VM (25.66-b18) for windows-amd64 JRE (1.8.0_66-b18), built on Nov  9 2015 10:51:13 by "java_re" with MS VC++ 10.0 (VS2010)

time: Sat Jul 02 17:29:30 2016
elapsed time: 4 seconds (0d 0h 0m 4s)

