#
# There is insufficient memory for the Java Runtime Environment to continue.
# Native memory allocation (malloc) failed to allocate 768336 bytes for Chunk::new
# Possible reasons:
#   The system is out of physical RAM or swap space
#   In 32 bit mode, the process size limit was hit
# Possible solutions:
#   Reduce memory load on the system
#   Increase physical memory or swap space
#   Check if swap backing store is full
#   Use 64 bit Java on a 64 bit OS
#   Decrease Java heap size (-Xmx/-Xms)
#   Decrease number of Java threads
#   Decrease Java thread stack sizes (-Xss)
#   Set larger code cache with -XX:ReservedCodeCacheSize=
# This output file may be truncated or incomplete.
#
#  Out of Memory Error (allocation.cpp:390), pid=9720, tid=1532
#
# JRE version: Java(TM) SE Runtime Environment (8.0_66-b18) (build 1.8.0_66-b18)
# Java VM: Java HotSpot(TM) 64-Bit Server VM (25.66-b18 mixed mode windows-amd64 compressed oops)
# Failed to write core dump. Minidumps are not enabled by default on client versions of Windows
#

---------------  T H R E A D  ---------------

Current thread (0x000000001509d800):  JavaThread "C2 CompilerThread1" daemon [_thread_in_native, id=1532, stack(0x00000000167f0000,0x00000000168f0000)]

Stack: [0x00000000167f0000,0x00000000168f0000]
[error occurred during error reporting (printing stack bounds), id 0xc0000005]

Native frames: (J=compiled Java code, j=interpreted, Vv=VM code, C=native code)


Current CompileTask:
C2:   4946 1699       4       com.android.dx.cf.code.ValueAwareMachine::run (1142 bytes)


---------------  P R O C E S S  ---------------

Java Threads: ( => current thread )
  0x0000000016b5a000 JavaThread "pool-1-thread-1" [_thread_in_Java, id=1488, stack(0x0000000019c90000,0x0000000019d90000)]
  0x00000000150fb800 JavaThread "Service Thread" daemon [_thread_blocked, id=8056, stack(0x0000000016df0000,0x0000000016ef0000)]
  0x00000000150f7800 JavaThread "C1 CompilerThread2" daemon [_thread_blocked, id=6892, stack(0x0000000016cf0000,0x0000000016df0000)]
=>0x000000001509d800 JavaThread "C2 CompilerThread1" daemon [_thread_in_native, id=1532, stack(0x00000000167f0000,0x00000000168f0000)]
  0x00000000150a9800 JavaThread "C2 CompilerThread0" daemon [_thread_in_native, id=7528, stack(0x00000000166f0000,0x00000000167f0000)]
  0x00000000150a7800 JavaThread "Attach Listener" daemon [_thread_blocked, id=9428, stack(0x00000000165f0000,0x00000000166f0000)]
  0x00000000150a6000 JavaThread "Signal Dispatcher" daemon [_thread_blocked, id=9436, stack(0x00000000164f0000,0x00000000165f0000)]
  0x00000000014b6000 JavaThread "Finalizer" daemon [_thread_blocked, id=8272, stack(0x0000000016300000,0x0000000016400000)]
  0x00000000014ad000 JavaThread "Reference Handler" daemon [_thread_blocked, id=2520, stack(0x0000000016200000,0x0000000016300000)]
  0x00000000013c0800 JavaThread "main" [_thread_blocked, id=9744, stack(0x00000000012c0000,0x00000000013c0000)]

Other Threads:
  0x0000000015068000 VMThread [stack: 0x0000000016100000,0x0000000016200000] [id=10132]
  0x00000000150fe000 WatcherThread [stack: 0x0000000016ef0000,0x0000000016ff0000] [id=9408]

VM state:not at safepoint (normal execution)

VM Mutex/Monitor currently owned by a thread: None

Heap:
 PSYoungGen      total 70656K, used 24560K [0x00000000eab00000, 0x00000000f4a00000, 0x0000000100000000)
  eden space 65536K, 29% used [0x00000000eab00000,0x00000000ebdfc490,0x00000000eeb00000)
  from space 5120K, 99% used [0x00000000eeb00000,0x00000000eefffd98,0x00000000ef000000)
  to   space 15872K, 0% used [0x00000000f3a80000,0x00000000f3a80000,0x00000000f4a00000)
 ParOldGen       total 86016K, used 25263K [0x00000000c0000000, 0x00000000c5400000, 0x00000000eab00000)
  object space 86016K, 29% used [0x00000000c0000000,0x00000000c18abd28,0x00000000c5400000)
 Metaspace       used 6673K, capacity 7448K, committed 7680K, reserved 1056768K
  class space    used 640K, capacity 656K, committed 768K, reserved 1048576K

Card table byte_map: [0x0000000001880000,0x0000000001a90000] byte_map_base: 0x0000000001280000

Marking Bits: (ParMarkBitMap*) 0x00000000714aa5b0
 Begin Bits: [0x0000000012500000, 0x0000000013500000)
 End Bits:   [0x0000000013500000, 0x0000000014500000)

Polling page: 0x0000000000dc0000

CodeCache: size=245760Kb used=8395Kb max_used=8395Kb free=237364Kb
 bounds [0x0000000003400000, 0x0000000003c40000, 0x0000000012400000]
 total_blobs=2328 nmethods=2059 adapters=182
 compilation: enabled

Compilation events (10 events):
Event: 4.456 Thread 0x00000000150f7800 1850       2       com.android.dx.dex.file.DebugInfoItem::<init> (36 bytes)
Event: 4.457 Thread 0x00000000150f7800 nmethod 1850 0x0000000003b8bfd0 code [0x0000000003b8c140, 0x0000000003b8c3b8]
Event: 4.457 Thread 0x000000001509d800 nmethod 1721 0x0000000003b8c4d0 code [0x0000000003b8c660, 0x0000000003b8cc78]
Event: 4.457 Thread 0x000000001509d800 1780       4       com.android.dx.rop.code.BasicBlockList::forEachInsn (39 bytes)
Event: 4.461 Thread 0x000000001509d800 nmethod 1780 0x0000000003b8d290 code [0x0000000003b8d3e0, 0x0000000003b8d698]
Event: 4.461 Thread 0x000000001509d800 1699       4       com.android.dx.cf.code.ValueAwareMachine::run (1142 bytes)
Event: 4.483 Thread 0x00000000150f7800 1851       3       com.android.dx.dex.code.OutputFinisher::addConstants (93 bytes)
Event: 4.484 Thread 0x00000000150f7800 nmethod 1851 0x0000000003b8a990 code [0x0000000003b8abc0, 0x0000000003b8baa8]
Event: 4.488 Thread 0x00000000150f7800 1853       3       com.android.dx.dex.code.OutputFinisher::getAllConstants (47 bytes)
Event: 4.489 Thread 0x00000000150f7800 nmethod 1853 0x0000000003b898d0 code [0x0000000003b89b00, 0x0000000003b8a448]

GC Heap History (10 events):
Event: 1.990 GC heap before
{Heap before GC invocations=1 (full 0):
 PSYoungGen      total 37888K, used 32768K [0x00000000eab00000, 0x00000000ed500000, 0x0000000100000000)
  eden space 32768K, 100% used [0x00000000eab00000,0x00000000ecb00000,0x00000000ecb00000)
  from space 5120K, 0% used [0x00000000ed000000,0x00000000ed000000,0x00000000ed500000)
  to   space 5120K, 0% used [0x00000000ecb00000,0x00000000ecb00000,0x00000000ed000000)
 ParOldGen       total 86016K, used 0K [0x00000000c0000000, 0x00000000c5400000, 0x00000000eab00000)
  object space 86016K, 0% used [0x00000000c0000000,0x00000000c0000000,0x00000000c5400000)
 Metaspace       used 6048K, capacity 6960K, committed 7040K, reserved 1056768K
  class space    used 597K, capacity 616K, committed 640K, reserved 1048576K
Event: 2.007 GC heap after
Heap after GC invocations=1 (full 0):
 PSYoungGen      total 37888K, used 5109K [0x00000000eab00000, 0x00000000ed500000, 0x0000000100000000)
  eden space 32768K, 0% used [0x00000000eab00000,0x00000000eab00000,0x00000000ecb00000)
  from space 5120K, 99% used [0x00000000ecb00000,0x00000000ecffd5e0,0x00000000ed000000)
  to   space 5120K, 0% used [0x00000000ed000000,0x00000000ed000000,0x00000000ed500000)
 ParOldGen       total 86016K, used 1089K [0x00000000c0000000, 0x00000000c5400000, 0x00000000eab00000)
  object space 86016K, 1% used [0x00000000c0000000,0x00000000c01106a8,0x00000000c5400000)
 Metaspace       used 6048K, capacity 6960K, committed 7040K, reserved 1056768K
  class space    used 597K, capacity 616K, committed 640K, reserved 1048576K
}
Event: 3.262 GC heap before
{Heap before GC invocations=2 (full 0):
 PSYoungGen      total 37888K, used 37877K [0x00000000eab00000, 0x00000000ed500000, 0x0000000100000000)
  eden space 32768K, 100% used [0x00000000eab00000,0x00000000ecb00000,0x00000000ecb00000)
  from space 5120K, 99% used [0x00000000ecb00000,0x00000000ecffd5e0,0x00000000ed000000)
  to   space 5120K, 0% used [0x00000000ed000000,0x00000000ed000000,0x00000000ed500000)
 ParOldGen       total 86016K, used 1089K [0x00000000c0000000, 0x00000000c5400000, 0x00000000eab00000)
  object space 86016K, 1% used [0x00000000c0000000,0x00000000c01106a8,0x00000000c5400000)
 Metaspace       used 6195K, capacity 7088K, committed 7296K, reserved 1056768K
  class space    used 600K, capacity 616K, committed 640K, reserved 1048576K
Event: 3.294 GC heap after
Heap after GC invocations=2 (full 0):
 PSYoungGen      total 37888K, used 5107K [0x00000000eab00000, 0x00000000ef500000, 0x0000000100000000)
  eden space 32768K, 0% used [0x00000000eab00000,0x00000000eab00000,0x00000000ecb00000)
  from space 5120K, 99% used [0x00000000ed000000,0x00000000ed4fcdd8,0x00000000ed500000)
  to   space 5120K, 0% used [0x00000000ecb00000,0x00000000ecb00000,0x00000000ed000000)
 ParOldGen       total 86016K, used 5231K [0x00000000c0000000, 0x00000000c5400000, 0x00000000eab00000)
  object space 86016K, 6% used [0x00000000c0000000,0x00000000c051bfa8,0x00000000c5400000)
 Metaspace       used 6195K, capacity 7088K, committed 7296K, reserved 1056768K
  class space    used 600K, capacity 616K, committed 640K, reserved 1048576K
}
Event: 3.544 GC heap before
{Heap before GC invocations=3 (full 0):
 PSYoungGen      total 37888K, used 37875K [0x00000000eab00000, 0x00000000ef500000, 0x0000000100000000)
  eden space 32768K, 100% used [0x00000000eab00000,0x00000000ecb00000,0x00000000ecb00000)
  from space 5120K, 99% used [0x00000000ed000000,0x00000000ed4fcdd8,0x00000000ed500000)
  to   space 5120K, 0% used [0x00000000ecb00000,0x00000000ecb00000,0x00000000ed000000)
 ParOldGen       total 86016K, used 5231K [0x00000000c0000000, 0x00000000c5400000, 0x00000000eab00000)
  object space 86016K, 6% used [0x00000000c0000000,0x00000000c051bfa8,0x00000000c5400000)
 Metaspace       used 6316K, capacity 7128K, committed 7424K, reserved 1056768K
  class space    used 622K, capacity 656K, committed 768K, reserved 1048576K
Event: 3.562 GC heap after
Heap after GC invocations=3 (full 0):
 PSYoungGen      total 37888K, used 5098K [0x00000000eab00000, 0x00000000ef500000, 0x0000000100000000)
  eden space 32768K, 0% used [0x00000000eab00000,0x00000000eab00000,0x00000000ecb00000)
  from space 5120K, 99% used [0x00000000ecb00000,0x00000000ecffaa78,0x00000000ed000000)
  to   space 5120K, 0% used [0x00000000ef000000,0x00000000ef000000,0x00000000ef500000)
 ParOldGen       total 86016K, used 10668K [0x00000000c0000000, 0x00000000c5400000, 0x00000000eab00000)
  object space 86016K, 12% used [0x00000000c0000000,0x00000000c0a6b138,0x00000000c5400000)
 Metaspace       used 6316K, capacity 7128K, committed 7424K, reserved 1056768K
  class space    used 622K, capacity 656K, committed 768K, reserved 1048576K
}
Event: 3.889 GC heap before
{Heap before GC invocations=4 (full 0):
 PSYoungGen      total 37888K, used 37866K [0x00000000eab00000, 0x00000000ef500000, 0x0000000100000000)
  eden space 32768K, 100% used [0x00000000eab00000,0x00000000ecb00000,0x00000000ecb00000)
  from space 5120K, 99% used [0x00000000ecb00000,0x00000000ecffaa78,0x00000000ed000000)
  to   space 5120K, 0% used [0x00000000ef000000,0x00000000ef000000,0x00000000ef500000)
 ParOldGen       total 86016K, used 10668K [0x00000000c0000000, 0x00000000c5400000, 0x00000000eab00000)
  object space 86016K, 12% used [0x00000000c0000000,0x00000000c0a6b138,0x00000000c5400000)
 Metaspace       used 6339K, capacity 7192K, committed 7424K, reserved 1056768K
  class space    used 622K, capacity 656K, committed 768K, reserved 1048576K
Event: 3.911 GC heap after
Heap after GC invocations=4 (full 0):
 PSYoungGen      total 70656K, used 5114K [0x00000000eab00000, 0x00000000ef500000, 0x0000000100000000)
  eden space 65536K, 0% used [0x00000000eab00000,0x00000000eab00000,0x00000000eeb00000)
  from space 5120K, 99% used [0x00000000ef000000,0x00000000ef4feaf8,0x00000000ef500000)
  to   space 5120K, 0% used [0x00000000eeb00000,0x00000000eeb00000,0x00000000ef000000)
 ParOldGen       total 86016K, used 15933K [0x00000000c0000000, 0x00000000c5400000, 0x00000000eab00000)
  object space 86016K, 18% used [0x00000000c0000000,0x00000000c0f8f6c8,0x00000000c5400000)
 Metaspace       used 6339K, capacity 7192K, committed 7424K, reserved 1056768K
  class space    used 622K, capacity 656K, committed 768K, reserved 1048576K
}
Event: 4.281 GC heap before
{Heap before GC invocations=5 (full 0):
 PSYoungGen      total 70656K, used 70650K [0x00000000eab00000, 0x00000000ef500000, 0x0000000100000000)
  eden space 65536K, 100% used [0x00000000eab00000,0x00000000eeb00000,0x00000000eeb00000)
  from space 5120K, 99% used [0x00000000ef000000,0x00000000ef4feaf8,0x00000000ef500000)
  to   space 5120K, 0% used [0x00000000eeb00000,0x00000000eeb00000,0x00000000ef000000)
 ParOldGen       total 86016K, used 15933K [0x00000000c0000000, 0x00000000c5400000, 0x00000000eab00000)
  object space 86016K, 18% used [0x00000000c0000000,0x00000000c0f8f6c8,0x00000000c5400000)
 Metaspace       used 6360K, capacity 7192K, committed 7424K, reserved 1056768K
  class space    used 622K, capacity 656K, committed 768K, reserved 1048576K
Event: 4.308 GC heap after
Heap after GC invocations=5 (full 0):
 PSYoungGen      total 70656K, used 5119K [0x00000000eab00000, 0x00000000f4a00000, 0x0000000100000000)
  eden space 65536K, 0% used [0x00000000eab00000,0x00000000eab00000,0x00000000eeb00000)
  from space 5120K, 99% used [0x00000000eeb00000,0x00000000eefffd98,0x00000000ef000000)
  to   space 15872K, 0% used [0x00000000f3a80000,0x00000000f3a80000,0x00000000f4a00000)
 ParOldGen       total 86016K, used 25263K [0x00000000c0000000, 0x00000000c5400000, 0x00000000eab00000)
  object space 86016K, 29% used [0x00000000c0000000,0x00000000c18abd28,0x00000000c5400000)
 Metaspace       used 6360K, capacity 7192K, committed 7424K, reserved 1056768K
  class space    used 622K, capacity 656K, committed 768K, reserved 1048576K
}

Deoptimization events (10 events):
Event: 3.507 Thread 0x0000000016c87000 Uncommon trap: reason=bimorphic action=maybe_recompile pc=0x00000000039ce84c method=com.android.dx.ssa.LiteralOpUpgrader.tryReplacingWithConstant(Lcom/android/dx/ssa/NormalSsaInsn;)Z @ 52
Event: 3.765 Thread 0x0000000016c90000 Uncommon trap: reason=bimorphic action=maybe_recompile pc=0x00000000039ce84c method=com.android.dx.ssa.LiteralOpUpgrader.tryReplacingWithConstant(Lcom/android/dx/ssa/NormalSsaInsn;)Z @ 52
Event: 3.827 Thread 0x00000000013c0800 Uncommon trap: reason=bimorphic action=maybe_recompile pc=0x00000000039ce84c method=com.android.dx.ssa.LiteralOpUpgrader.tryReplacingWithConstant(Lcom/android/dx/ssa/NormalSsaInsn;)Z @ 52
Event: 3.997 Thread 0x00000000013c0800 Uncommon trap: reason=unstable_if action=reinterpret pc=0x0000000003af11a8 method=com.android.dx.ssa.LocalVariableExtractor.processBlock(I)V @ 251
Event: 4.416 Thread 0x0000000016b5a000 Uncommon trap: reason=class_check action=maybe_recompile pc=0x000000000389f088 method=java.util.Arrays.hashCode([Ljava/lang/Object;)I @ 43
Event: 4.416 Thread 0x0000000016b5a000 Uncommon trap: reason=class_check action=maybe_recompile pc=0x000000000389f088 method=java.util.Arrays.hashCode([Ljava/lang/Object;)I @ 43
Event: 4.416 Thread 0x0000000016b5a000 Uncommon trap: reason=class_check action=maybe_recompile pc=0x000000000389f088 method=java.util.Arrays.hashCode([Ljava/lang/Object;)I @ 43
Event: 4.416 Thread 0x0000000016b5a000 Uncommon trap: reason=class_check action=maybe_recompile pc=0x000000000389f088 method=java.util.Arrays.hashCode([Ljava/lang/Object;)I @ 43
Event: 4.417 Thread 0x0000000016b5a000 Uncommon trap: reason=class_check action=maybe_recompile pc=0x0000000003898fe8 method=java.util.Arrays.hashCode([Ljava/lang/Object;)I @ 43
Event: 4.434 Thread 0x0000000016b5a000 Uncommon trap: reason=class_check action=maybe_recompile pc=0x000000000387eacc method=java.util.HashMap.putVal(ILjava/lang/Object;Ljava/lang/Object;ZZ)Ljava/lang/Object; @ 203

Internal exceptions (7 events):
Event: 0.063 Thread 0x00000000013c0800 Exception <a 'java/lang/NoSuchMethodError': Method sun.misc.Unsafe.defineClass(Ljava/lang/String;[BII)Ljava/lang/Class; name or signature does not match> (0x00000000eab12c70) thrown at [C:\re\workspace\8-2-build-windows-amd64-cygwin\jdk8u66\5298\hotspot\srBÊ±F:°?
Event: 0.063 Thread 0x00000000013c0800 Exception <a 'java/lang/NoSuchMethodError': Method sun.misc.Unsafe.prefetchRead(Ljava/lang/Object;J)V name or signature does not match> (0x00000000eab12f58) thrown at [C:\re\workspace\8-2-build-windows-amd64-cygwin\jdk8u66\5298\hotspot\src\share\vm\prims\jKC-Q¯	@
Event: 3.211 Thread 0x0000000016b4a800 Implicit null exception at 0x0000000003789391 to 0x000000000378a335
Event: 3.345 Thread 0x0000000016b4a800 Implicit null exception at 0x0000000003772e44 to 0x0000000003773b19
Event: 3.412 Thread 0x00000000013c0800 Exception <a 'java/lang/ArrayIndexOutOfBoundsException': 18> (0x00000000eba66948) thrown at [C:\re\workspace\8-2-build-windows-amd64-cygwin\jdk8u66\5298\hotspot\src\share\vm\interpreter\interpreterRuntime.cpp, line 366]
Event: 3.413 Thread 0x00000000013c0800 Exception <a 'java/lang/ArrayIndexOutOfBoundsException'> (0x00000000eba684c8) thrown at [C:\re\workspace\8-2-build-windows-amd64-cygwin\jdk8u66\5298\hotspot\src\share\vm\runtime\sharedRuntime.cpp, line 605]
Event: 3.414 Thread 0x00000000013c0800 Exception <a 'java/lang/ArrayIndexOutOfBoundsException'> (0x00000000eba697b0) thrown at [C:\re\workspace\8-2-build-windows-amd64-cygwin\jdk8u66\5298\hotspot\src\share\vm\runtime\sharedRuntime.cpp, line 605]

Events (10 events):
Event: 4.417 Thread 0x0000000016b5a000 DEOPT UNPACKING pc=0x000000000344582a sp=0x0000000019d8ecc8 mode 2
Event: 4.419 loading class com/android/dx/rop/cst/Zeroes
Event: 4.419 loading class com/android/dx/rop/cst/Zeroes done
Event: 4.434 Thread 0x0000000016b5a000 Uncommon trap: trap_request=0xffffffde fr.pc=0x000000000387eacc
Event: 4.434 Thread 0x0000000016b5a000 DEOPT PACKING pc=0x000000000387eacc sp=0x0000000019d8ee80
Event: 4.434 Thread 0x0000000016b5a000 DEOPT UNPACKING pc=0x000000000344582a sp=0x0000000019d8ed90 mode 2
Event: 4.441 loading class com/android/dx/dex/file/CatchStructs
Event: 4.441 loading class com/android/dx/dex/file/CatchStructs done
Event: 4.489 Thread 0x0000000016b5a000 DEOPT PACKING pc=0x0000000003b83994 sp=0x0000000019d8ee80
Event: 4.489 Thread 0x0000000016b5a000 DEOPT UNPACKING pc=0x000000000344747f sp=0x0000000019d8ec10 mode 0


Dynamic libraries:
0x00007ff7ff730000 - 0x00007ff7ff767000 	C:\Program Files\Java\jdk1.8.0_66\bin\java.exe
0x00007ff9ccee0000 - 0x00007ff9cd0a1000 	C:\WINDOWS\SYSTEM32\ntdll.dll
0x00007ff9cc680000 - 0x00007ff9cc72d000 	C:\WINDOWS\system32\KERNEL32.DLL
0x00007ff9c97e0000 - 0x00007ff9c99c8000 	C:\WINDOWS\system32\KERNELBASE.dll
0x00007ff9cc3f0000 - 0x00007ff9cc497000 	C:\WINDOWS\system32\ADVAPI32.dll
0x00007ff9cc4a0000 - 0x00007ff9cc53d000 	C:\WINDOWS\system32\msvcrt.dll
0x00007ff9ca2e0000 - 0x00007ff9ca33b000 	C:\WINDOWS\system32\sechost.dll
0x00007ff9cc730000 - 0x00007ff9cc84c000 	C:\WINDOWS\system32\RPCRT4.dll
0x00007ff9ca980000 - 0x00007ff9caad6000 	C:\WINDOWS\system32\USER32.dll
0x00007ff9ca340000 - 0x00007ff9ca4c6000 	C:\WINDOWS\system32\GDI32.dll
0x00007ff9c5eb0000 - 0x00007ff9c6124000 	C:\WINDOWS\WinSxS\amd64_microsoft.windows.common-controls_6595b64144ccf1df_6.0.10586.0_none_8c15ae12515e1c22\COMCTL32.dll
0x00007ff9caae0000 - 0x00007ff9cad5d000 	C:\WINDOWS\system32\combase.dll
0x00007ff9c99d0000 - 0x00007ff9c9a3a000 	C:\WINDOWS\system32\bcryptPrimitives.dll
0x00007ff9cc3b0000 - 0x00007ff9cc3eb000 	C:\WINDOWS\system32\IMM32.DLL
0x0000000071530000 - 0x0000000071602000 	C:\Program Files\Java\jdk1.8.0_66\jre\bin\msvcr100.dll
0x0000000070ca0000 - 0x0000000071529000 	C:\Program Files\Java\jdk1.8.0_66\jre\bin\server\jvm.dll
0x00007ff9cc5a0000 - 0x00007ff9cc5a8000 	C:\WINDOWS\system32\PSAPI.DLL
0x00007ff9c7830000 - 0x00007ff9c7853000 	C:\WINDOWS\SYSTEM32\WINMM.dll
0x00007ff9bfa60000 - 0x00007ff9bfa69000 	C:\WINDOWS\SYSTEM32\WSOCK32.dll
0x00007ff9cc2c0000 - 0x00007ff9cc32b000 	C:\WINDOWS\system32\WS2_32.dll
0x00007ff9c5e90000 - 0x00007ff9c5e9a000 	C:\WINDOWS\SYSTEM32\VERSION.dll
0x00007ff9c75e0000 - 0x00007ff9c760c000 	C:\WINDOWS\SYSTEM32\WINMMBASE.dll
0x00007ff9c9790000 - 0x00007ff9c97d3000 	C:\WINDOWS\system32\cfgmgr32.dll
0x0000000070c90000 - 0x0000000070c9f000 	C:\Program Files\Java\jdk1.8.0_66\jre\bin\verify.dll
0x0000000070c60000 - 0x0000000070c89000 	C:\Program Files\Java\jdk1.8.0_66\jre\bin\java.dll
0x0000000070c40000 - 0x0000000070c56000 	C:\Program Files\Java\jdk1.8.0_66\jre\bin\zip.dll
0x00007ff9cad60000 - 0x00007ff9cc2bc000 	C:\WINDOWS\system32\SHELL32.dll
0x00007ff9c9c90000 - 0x00007ff9ca2d4000 	C:\WINDOWS\system32\windows.storage.dll
0x00007ff9cc340000 - 0x00007ff9cc392000 	C:\WINDOWS\system32\shlwapi.dll
0x00007ff9c9580000 - 0x00007ff9c958f000 	C:\WINDOWS\system32\kernel.appcore.dll
0x00007ff9c96d0000 - 0x00007ff9c9785000 	C:\WINDOWS\system32\shcore.dll
0x00007ff9c9530000 - 0x00007ff9c957b000 	C:\WINDOWS\system32\powrprof.dll
0x00007ff9c9510000 - 0x00007ff9c9524000 	C:\WINDOWS\system32\profapi.dll

VM Arguments:
jvm_args: -Djava.awt.headless=true -Xmx1024M -Dfile.encoding=windows-1251 -Duser.country=RU -Duser.language=ru -Duser.variant 
java_command: com.android.dx.command.Main --dex --force-jumbo --num-threads=4 --multi-dex --output C:\DevIntensive\app\build\intermediates\transforms\dex\debug\folders\1000\10\com.android.support-recyclerview-v7-23.4.0_22a91d987dafe2ee3ec388e9f9e38512d405b032 C:\DevIntensive\app\build\intermediates\exploded-aar\com.android.support\recyclerview-v7\23.4.0\jars\classes.jar
java_class_path (initial): C:\Android\sdk\build-tools\23.0.3\lib\dx.jar
Launcher Type: SUN_STANDARD

Environment Variables:
PATH=C:\ProgramData\Oracle\Java\javapath;C:\Program Files (x86)\NVIDIA Corporation\PhysX\Common;C:\WINDOWS\system32;C:\WINDOWS;C:\WINDOWS\System32\Wbem;C:\WINDOWS\System32\WindowsPowerShell\v1.0\;C:\Program Files (x86)\Windows Live\Shared;C:\Program Files\Git\cmd
USERNAME=golit
OS=Windows_NT
PROCESSOR_IDENTIFIER=Intel64 Family 6 Model 37 Stepping 5, GenuineIntel



---------------  S Y S T E M  ---------------

OS: Windows 10.0 , 64 bit Build 10586 (10.0.10586.0)

CPU:total 4 (2 cores per cpu, 2 threads per core) family 6 model 37 stepping 5, cmov, cx8, fxsr, mmx, sse, sse2, sse3, ssse3, sse4.1, sse4.2, popcnt, ht, tsc, tscinvbit

Memory: 4k page, physical 8248392k(1547860k free), swap 8248392k(109824k free)

vm_info: Java HotSpot(TM) 64-Bit Server VM (25.66-b18) for windows-amd64 JRE (1.8.0_66-b18), built on Nov  9 2015 10:51:13 by "java_re" with MS VC++ 10.0 (VS2010)

time: Tue Jun 28 19:37:31 2016
elapsed time: 5 seconds (0d 0h 0m 5s)

